        -:    0:Source:/Library/Developer/CommandLineTools/SDKs/MacOSX11.3.sdk/usr/include/c++/v1/type_traits
        -:    0:Graph:../build_1/CMakeFiles/client.dir/source/client.cpp.gcno
        -:    0:Data:-
        -:    0:Runs:0
        -:    0:Programs:0
        -:    1:// -*- C++ -*-
        -:    2://===------------------------ type_traits ---------------------------------===//
        -:    3://
        -:    4:// Part of the LLVM Project, under the Apache License v2.0 with LLVM Exceptions.
        -:    5:// See https://llvm.org/LICENSE.txt for license information.
        -:    6:// SPDX-License-Identifier: Apache-2.0 WITH LLVM-exception
        -:    7://
        -:    8://===----------------------------------------------------------------------===//
        -:    9:
        -:   10:#ifndef _LIBCPP_TYPE_TRAITS
        -:   11:#define _LIBCPP_TYPE_TRAITS
        -:   12:
        -:   13:/*
        -:   14:    type_traits synopsis
        -:   15:
        -:   16:namespace std
        -:   17:{
        -:   18:
        -:   19:    // helper class:
        -:   20:    template <class T, T v> struct integral_constant;
        -:   21:    typedef integral_constant<bool, true>  true_type;   // C++11
        -:   22:    typedef integral_constant<bool, false> false_type;  // C++11
        -:   23:
        -:   24:    template <bool B>                                   // C++14
        -:   25:    using bool_constant = integral_constant<bool, B>;   // C++14
        -:   26:    typedef bool_constant<true> true_type;              // C++14
        -:   27:    typedef bool_constant<false> false_type;            // C++14
        -:   28:
        -:   29:    // helper traits
        -:   30:    template <bool, class T = void> struct enable_if;
        -:   31:    template <bool, class T, class F> struct conditional;
        -:   32:
        -:   33:    // Primary classification traits:
        -:   34:    template <class T> struct is_void;
        -:   35:    template <class T> struct is_null_pointer;  // C++14
        -:   36:    template <class T> struct is_integral;
        -:   37:    template <class T> struct is_floating_point;
        -:   38:    template <class T> struct is_array;
        -:   39:    template <class T> struct is_pointer;
        -:   40:    template <class T> struct is_lvalue_reference;
        -:   41:    template <class T> struct is_rvalue_reference;
        -:   42:    template <class T> struct is_member_object_pointer;
        -:   43:    template <class T> struct is_member_function_pointer;
        -:   44:    template <class T> struct is_enum;
        -:   45:    template <class T> struct is_union;
        -:   46:    template <class T> struct is_class;
        -:   47:    template <class T> struct is_function;
        -:   48:
        -:   49:    // Secondary classification traits:
        -:   50:    template <class T> struct is_reference;
        -:   51:    template <class T> struct is_arithmetic;
        -:   52:    template <class T> struct is_fundamental;
        -:   53:    template <class T> struct is_member_pointer;
        -:   54:    template <class T> struct is_scalar;
        -:   55:    template <class T> struct is_object;
        -:   56:    template <class T> struct is_compound;
        -:   57:
        -:   58:    // Const-volatile properties and transformations:
        -:   59:    template <class T> struct is_const;
        -:   60:    template <class T> struct is_volatile;
        -:   61:    template <class T> struct remove_const;
        -:   62:    template <class T> struct remove_volatile;
        -:   63:    template <class T> struct remove_cv;
        -:   64:    template <class T> struct add_const;
        -:   65:    template <class T> struct add_volatile;
        -:   66:    template <class T> struct add_cv;
        -:   67:
        -:   68:    // Reference transformations:
        -:   69:    template <class T> struct remove_reference;
        -:   70:    template <class T> struct add_lvalue_reference;
        -:   71:    template <class T> struct add_rvalue_reference;
        -:   72:
        -:   73:    // Pointer transformations:
        -:   74:    template <class T> struct remove_pointer;
        -:   75:    template <class T> struct add_pointer;
        -:   76:
        -:   77:    template<class T> struct type_identity;                     // C++20
        -:   78:    template<class T>
        -:   79:      using type_identity_t = typename type_identity<T>::type;  // C++20
        -:   80:
        -:   81:    // Integral properties:
        -:   82:    template <class T> struct is_signed;
        -:   83:    template <class T> struct is_unsigned;
        -:   84:    template <class T> struct make_signed;
        -:   85:    template <class T> struct make_unsigned;
        -:   86:
        -:   87:    // Array properties and transformations:
        -:   88:    template <class T> struct rank;
        -:   89:    template <class T, unsigned I = 0> struct extent;
        -:   90:    template <class T> struct remove_extent;
        -:   91:    template <class T> struct remove_all_extents;
        -:   92:
        -:   93:    template <class T> struct is_bounded_array;                 // C++20
        -:   94:    template <class T> struct is_unbounded_array;               // C++20
        -:   95:
        -:   96:    // Member introspection:
        -:   97:    template <class T> struct is_pod;
        -:   98:    template <class T> struct is_trivial;
        -:   99:    template <class T> struct is_trivially_copyable;
        -:  100:    template <class T> struct is_standard_layout;
        -:  101:    template <class T> struct is_literal_type;
        -:  102:    template <class T> struct is_empty;
        -:  103:    template <class T> struct is_polymorphic;
        -:  104:    template <class T> struct is_abstract;
        -:  105:    template <class T> struct is_final; // C++14
        -:  106:    template <class T> struct is_aggregate; // C++17
        -:  107:
        -:  108:    template <class T, class... Args> struct is_constructible;
        -:  109:    template <class T>                struct is_default_constructible;
        -:  110:    template <class T>                struct is_copy_constructible;
        -:  111:    template <class T>                struct is_move_constructible;
        -:  112:    template <class T, class U>       struct is_assignable;
        -:  113:    template <class T>                struct is_copy_assignable;
        -:  114:    template <class T>                struct is_move_assignable;
        -:  115:    template <class T, class U>       struct is_swappable_with;       // C++17
        -:  116:    template <class T>                struct is_swappable;            // C++17
        -:  117:    template <class T>                struct is_destructible;
        -:  118:
        -:  119:    template <class T, class... Args> struct is_trivially_constructible;
        -:  120:    template <class T>                struct is_trivially_default_constructible;
        -:  121:    template <class T>                struct is_trivially_copy_constructible;
        -:  122:    template <class T>                struct is_trivially_move_constructible;
        -:  123:    template <class T, class U>       struct is_trivially_assignable;
        -:  124:    template <class T>                struct is_trivially_copy_assignable;
        -:  125:    template <class T>                struct is_trivially_move_assignable;
        -:  126:    template <class T>                struct is_trivially_destructible;
        -:  127:
        -:  128:    template <class T, class... Args> struct is_nothrow_constructible;
        -:  129:    template <class T>                struct is_nothrow_default_constructible;
        -:  130:    template <class T>                struct is_nothrow_copy_constructible;
        -:  131:    template <class T>                struct is_nothrow_move_constructible;
        -:  132:    template <class T, class U>       struct is_nothrow_assignable;
        -:  133:    template <class T>                struct is_nothrow_copy_assignable;
        -:  134:    template <class T>                struct is_nothrow_move_assignable;
        -:  135:    template <class T, class U>       struct is_nothrow_swappable_with; // C++17
        -:  136:    template <class T>                struct is_nothrow_swappable;      // C++17
        -:  137:    template <class T>                struct is_nothrow_destructible;
        -:  138:
        -:  139:    template <class T> struct has_virtual_destructor;
        -:  140:
        -:  141:    template<class T> struct has_unique_object_representations;         // C++17
        -:  142:
        -:  143:    // Relationships between types:
        -:  144:    template <class T, class U> struct is_same;
        -:  145:    template <class Base, class Derived> struct is_base_of;
        -:  146:
        -:  147:    template <class From, class To> struct is_convertible;
        -:  148:    template <typename From, typename To> struct is_nothrow_convertible;                  // C++20
        -:  149:    template <typename From, typename To> inline constexpr bool is_nothrow_convertible_v; // C++20
        -:  150:
        -:  151:    template <class Fn, class... ArgTypes> struct is_invocable;
        -:  152:    template <class R, class Fn, class... ArgTypes> struct is_invocable_r;
        -:  153:
        -:  154:    template <class Fn, class... ArgTypes> struct is_nothrow_invocable;
        -:  155:    template <class R, class Fn, class... ArgTypes> struct is_nothrow_invocable_r;
        -:  156:
        -:  157:    // Alignment properties and transformations:
        -:  158:    template <class T> struct alignment_of;
        -:  159:    template <size_t Len, size_t Align = most_stringent_alignment_requirement>
        -:  160:        struct aligned_storage;
        -:  161:    template <size_t Len, class... Types> struct aligned_union;
        -:  162:    template <class T> struct remove_cvref; // C++20
        -:  163:
        -:  164:    template <class T> struct decay;
        -:  165:    template <class... T> struct common_type;
        -:  166:    template <class T> struct underlying_type;
        -:  167:    template <class> class result_of; // undefined
        -:  168:    template <class Fn, class... ArgTypes> class result_of<Fn(ArgTypes...)>;
        -:  169:    template <class Fn, class... ArgTypes> struct invoke_result;  // C++17
        -:  170:
        -:  171:    // const-volatile modifications:
        -:  172:    template <class T>
        -:  173:      using remove_const_t    = typename remove_const<T>::type;  // C++14
        -:  174:    template <class T>
        -:  175:      using remove_volatile_t = typename remove_volatile<T>::type;  // C++14
        -:  176:    template <class T>
        -:  177:      using remove_cv_t       = typename remove_cv<T>::type;  // C++14
        -:  178:    template <class T>
        -:  179:      using add_const_t       = typename add_const<T>::type;  // C++14
        -:  180:    template <class T>
        -:  181:      using add_volatile_t    = typename add_volatile<T>::type;  // C++14
        -:  182:    template <class T>
        -:  183:      using add_cv_t          = typename add_cv<T>::type;  // C++14
        -:  184:
        -:  185:    // reference modifications:
        -:  186:    template <class T>
        -:  187:      using remove_reference_t     = typename remove_reference<T>::type;  // C++14
        -:  188:    template <class T>
        -:  189:      using add_lvalue_reference_t = typename add_lvalue_reference<T>::type;  // C++14
        -:  190:    template <class T>
        -:  191:      using add_rvalue_reference_t = typename add_rvalue_reference<T>::type;  // C++14
        -:  192:
        -:  193:    // sign modifications:
        -:  194:    template <class T>
        -:  195:      using make_signed_t   = typename make_signed<T>::type;  // C++14
        -:  196:    template <class T>
        -:  197:      using make_unsigned_t = typename make_unsigned<T>::type;  // C++14
        -:  198:
        -:  199:    // array modifications:
        -:  200:    template <class T>
        -:  201:      using remove_extent_t      = typename remove_extent<T>::type;  // C++14
        -:  202:    template <class T>
        -:  203:      using remove_all_extents_t = typename remove_all_extents<T>::type;  // C++14
        -:  204:
        -:  205:    template <class T>
        -:  206:      inline constexpr bool is_bounded_array_v
        -:  207:        = is_bounded_array<T>::value;                                     // C++20
        -:  208:      inline constexpr bool is_unbounded_array_v
        -:  209:        = is_unbounded_array<T>::value;                                   // C++20
        -:  210:
        -:  211:    // pointer modifications:
        -:  212:    template <class T>
        -:  213:      using remove_pointer_t = typename remove_pointer<T>::type;  // C++14
        -:  214:    template <class T>
        -:  215:      using add_pointer_t    = typename add_pointer<T>::type;  // C++14
        -:  216:
        -:  217:    // other transformations:
        -:  218:    template <size_t Len, std::size_t Align=default-alignment>
        -:  219:      using aligned_storage_t = typename aligned_storage<Len,Align>::type;  // C++14
        -:  220:    template <std::size_t Len, class... Types>
        -:  221:      using aligned_union_t   = typename aligned_union<Len,Types...>::type;  // C++14
        -:  222:    template <class T>
        -:  223:      using remove_cvref_t    = typename remove_cvref<T>::type;  // C++20
        -:  224:    template <class T>
        -:  225:      using decay_t           = typename decay<T>::type;  // C++14
        -:  226:    template <bool b, class T=void>
        -:  227:      using enable_if_t       = typename enable_if<b,T>::type;  // C++14
        -:  228:    template <bool b, class T, class F>
        -:  229:      using conditional_t     = typename conditional<b,T,F>::type;  // C++14
        -:  230:    template <class... T>
        -:  231:      using common_type_t     = typename common_type<T...>::type;  // C++14
        -:  232:    template <class T>
        -:  233:      using underlying_type_t = typename underlying_type<T>::type;  // C++14
        -:  234:    template <class T>
        -:  235:      using result_of_t       = typename result_of<T>::type;  // C++14
        -:  236:    template <class Fn, class... ArgTypes>
        -:  237:      using invoke_result_t   = typename invoke_result<Fn, ArgTypes...>::type;  // C++17
        -:  238:
        -:  239:    template <class...>
        -:  240:      using void_t = void;   // C++17
        -:  241:
        -:  242:      // See C++14 20.10.4.1, primary type categories
        -:  243:      template <class T> inline constexpr bool is_void_v
        -:  244:        = is_void<T>::value;                                             // C++17
        -:  245:      template <class T> inline constexpr bool is_null_pointer_v
        -:  246:        = is_null_pointer<T>::value;                                     // C++17
        -:  247:      template <class T> inline constexpr bool is_integral_v
        -:  248:        = is_integral<T>::value;                                         // C++17
        -:  249:      template <class T> inline constexpr bool is_floating_point_v
        -:  250:        = is_floating_point<T>::value;                                   // C++17
        -:  251:      template <class T> inline constexpr bool is_array_v
        -:  252:        = is_array<T>::value;                                            // C++17
        -:  253:      template <class T> inline constexpr bool is_pointer_v
        -:  254:        = is_pointer<T>::value;                                          // C++17
        -:  255:      template <class T> inline constexpr bool is_lvalue_reference_v
        -:  256:        = is_lvalue_reference<T>::value;                                 // C++17
        -:  257:      template <class T> inline constexpr bool is_rvalue_reference_v
        -:  258:        = is_rvalue_reference<T>::value;                                 // C++17
        -:  259:      template <class T> inline constexpr bool is_member_object_pointer_v
        -:  260:        = is_member_object_pointer<T>::value;                            // C++17
        -:  261:      template <class T> inline constexpr bool is_member_function_pointer_v
        -:  262:        = is_member_function_pointer<T>::value;                          // C++17
        -:  263:      template <class T> inline constexpr bool is_enum_v
        -:  264:        = is_enum<T>::value;                                             // C++17
        -:  265:      template <class T> inline constexpr bool is_union_v
        -:  266:        = is_union<T>::value;                                            // C++17
        -:  267:      template <class T> inline constexpr bool is_class_v
        -:  268:        = is_class<T>::value;                                            // C++17
        -:  269:      template <class T> inline constexpr bool is_function_v
        -:  270:        = is_function<T>::value;                                         // C++17
        -:  271:
        -:  272:      // See C++14 20.10.4.2, composite type categories
        -:  273:      template <class T> inline constexpr bool is_reference_v
        -:  274:        = is_reference<T>::value;                                        // C++17
        -:  275:      template <class T> inline constexpr bool is_arithmetic_v
        -:  276:        = is_arithmetic<T>::value;                                       // C++17
        -:  277:      template <class T> inline constexpr bool is_fundamental_v
        -:  278:        = is_fundamental<T>::value;                                      // C++17
        -:  279:      template <class T> inline constexpr bool is_object_v
        -:  280:        = is_object<T>::value;                                           // C++17
        -:  281:      template <class T> inline constexpr bool is_scalar_v
        -:  282:        = is_scalar<T>::value;                                           // C++17
        -:  283:      template <class T> inline constexpr bool is_compound_v
        -:  284:        = is_compound<T>::value;                                         // C++17
        -:  285:      template <class T> inline constexpr bool is_member_pointer_v
        -:  286:        = is_member_pointer<T>::value;                                   // C++17
        -:  287:
        -:  288:      // See C++14 20.10.4.3, type properties
        -:  289:      template <class T> inline constexpr bool is_const_v
        -:  290:        = is_const<T>::value;                                            // C++17
        -:  291:      template <class T> inline constexpr bool is_volatile_v
        -:  292:        = is_volatile<T>::value;                                         // C++17
        -:  293:      template <class T> inline constexpr bool is_trivial_v
        -:  294:        = is_trivial<T>::value;                                          // C++17
        -:  295:      template <class T> inline constexpr bool is_trivially_copyable_v
        -:  296:        = is_trivially_copyable<T>::value;                               // C++17
        -:  297:      template <class T> inline constexpr bool is_standard_layout_v
        -:  298:        = is_standard_layout<T>::value;                                  // C++17
        -:  299:      template <class T> inline constexpr bool is_pod_v
        -:  300:        = is_pod<T>::value;                                              // C++17
        -:  301:      template <class T> inline constexpr bool is_literal_type_v
        -:  302:        = is_literal_type<T>::value;                                     // C++17
        -:  303:      template <class T> inline constexpr bool is_empty_v
        -:  304:        = is_empty<T>::value;                                            // C++17
        -:  305:      template <class T> inline constexpr bool is_polymorphic_v
        -:  306:        = is_polymorphic<T>::value;                                      // C++17
        -:  307:      template <class T> inline constexpr bool is_abstract_v
        -:  308:        = is_abstract<T>::value;                                         // C++17
        -:  309:      template <class T> inline constexpr bool is_final_v
        -:  310:        = is_final<T>::value;                                            // C++17
        -:  311:      template <class T> inline constexpr bool is_aggregate_v
        -:  312:        = is_aggregate<T>::value;                                        // C++17
        -:  313:      template <class T> inline constexpr bool is_signed_v
        -:  314:        = is_signed<T>::value;                                           // C++17
        -:  315:      template <class T> inline constexpr bool is_unsigned_v
        -:  316:        = is_unsigned<T>::value;                                         // C++17
        -:  317:      template <class T, class... Args> inline constexpr bool is_constructible_v
        -:  318:        = is_constructible<T, Args...>::value;                           // C++17
        -:  319:      template <class T> inline constexpr bool is_default_constructible_v
        -:  320:        = is_default_constructible<T>::value;                            // C++17
        -:  321:      template <class T> inline constexpr bool is_copy_constructible_v
        -:  322:        = is_copy_constructible<T>::value;                               // C++17
        -:  323:      template <class T> inline constexpr bool is_move_constructible_v
        -:  324:        = is_move_constructible<T>::value;                               // C++17
        -:  325:      template <class T, class U> inline constexpr bool is_assignable_v
        -:  326:        = is_assignable<T, U>::value;                                    // C++17
        -:  327:      template <class T> inline constexpr bool is_copy_assignable_v
        -:  328:        = is_copy_assignable<T>::value;                                  // C++17
        -:  329:      template <class T> inline constexpr bool is_move_assignable_v
        -:  330:        = is_move_assignable<T>::value;                                  // C++17
        -:  331:      template <class T, class U> inline constexpr bool is_swappable_with_v
        -:  332:        = is_swappable_with<T, U>::value;                                // C++17
        -:  333:      template <class T> inline constexpr bool is_swappable_v
        -:  334:        = is_swappable<T>::value;                                        // C++17
        -:  335:      template <class T> inline constexpr bool is_destructible_v
        -:  336:        = is_destructible<T>::value;                                     // C++17
        -:  337:      template <class T, class... Args> inline constexpr bool is_trivially_constructible_v
        -:  338:        = is_trivially_constructible<T, Args...>::value;                 // C++17
        -:  339:      template <class T> inline constexpr bool is_trivially_default_constructible_v
        -:  340:        = is_trivially_default_constructible<T>::value;                  // C++17
        -:  341:      template <class T> inline constexpr bool is_trivially_copy_constructible_v
        -:  342:        = is_trivially_copy_constructible<T>::value;                     // C++17
        -:  343:      template <class T> inline constexpr bool is_trivially_move_constructible_v
        -:  344:        = is_trivially_move_constructible<T>::value;                     // C++17
        -:  345:      template <class T, class U> inline constexpr bool is_trivially_assignable_v
        -:  346:        = is_trivially_assignable<T, U>::value;                          // C++17
        -:  347:      template <class T> inline constexpr bool is_trivially_copy_assignable_v
        -:  348:        = is_trivially_copy_assignable<T>::value;                        // C++17
        -:  349:      template <class T> inline constexpr bool is_trivially_move_assignable_v
        -:  350:        = is_trivially_move_assignable<T>::value;                        // C++17
        -:  351:      template <class T> inline constexpr bool is_trivially_destructible_v
        -:  352:        = is_trivially_destructible<T>::value;                           // C++17
        -:  353:      template <class T, class... Args> inline constexpr bool is_nothrow_constructible_v
        -:  354:        = is_nothrow_constructible<T, Args...>::value;                   // C++17
        -:  355:      template <class T> inline constexpr bool is_nothrow_default_constructible_v
        -:  356:        = is_nothrow_default_constructible<T>::value;                    // C++17
        -:  357:      template <class T> inline constexpr bool is_nothrow_copy_constructible_v
        -:  358:        = is_nothrow_copy_constructible<T>::value;                       // C++17
        -:  359:      template <class T> inline constexpr bool is_nothrow_move_constructible_v
        -:  360:        = is_nothrow_move_constructible<T>::value;                       // C++17
        -:  361:      template <class T, class U> inline constexpr bool is_nothrow_assignable_v
        -:  362:        = is_nothrow_assignable<T, U>::value;                            // C++17
        -:  363:      template <class T> inline constexpr bool is_nothrow_copy_assignable_v
        -:  364:        = is_nothrow_copy_assignable<T>::value;                          // C++17
        -:  365:      template <class T> inline constexpr bool is_nothrow_move_assignable_v
        -:  366:        = is_nothrow_move_assignable<T>::value;                          // C++17
        -:  367:      template <class T, class U> inline constexpr bool is_nothrow_swappable_with_v
        -:  368:        = is_nothrow_swappable_with<T, U>::value;                       // C++17
        -:  369:      template <class T> inline constexpr bool is_nothrow_swappable_v
        -:  370:        = is_nothrow_swappable<T>::value;                               // C++17
        -:  371:      template <class T> inline constexpr bool is_nothrow_destructible_v
        -:  372:        = is_nothrow_destructible<T>::value;                             // C++17
        -:  373:      template <class T> inline constexpr bool has_virtual_destructor_v
        -:  374:        = has_virtual_destructor<T>::value;                              // C++17
        -:  375:      template<class T> inline constexpr bool has_unique_object_representations_v // C++17
        -:  376:        = has_unique_object_representations<T>::value;
        -:  377:
        -:  378:      // See C++14 20.10.5, type property queries
        -:  379:      template <class T> inline constexpr size_t alignment_of_v
        -:  380:        = alignment_of<T>::value;                                        // C++17
        -:  381:      template <class T> inline constexpr size_t rank_v
        -:  382:        = rank<T>::value;                                                // C++17
        -:  383:      template <class T, unsigned I = 0> inline constexpr size_t extent_v
        -:  384:        = extent<T, I>::value;                                           // C++17
        -:  385:
        -:  386:      // See C++14 20.10.6, type relations
        -:  387:      template <class T, class U> inline constexpr bool is_same_v
        -:  388:        = is_same<T, U>::value;                                          // C++17
        -:  389:      template <class Base, class Derived> inline constexpr bool is_base_of_v
        -:  390:        = is_base_of<Base, Derived>::value;                              // C++17
        -:  391:      template <class From, class To> inline constexpr bool is_convertible_v
        -:  392:        = is_convertible<From, To>::value;                               // C++17
        -:  393:      template <class Fn, class... ArgTypes> inline constexpr bool is_invocable_v
        -:  394:        = is_invocable<Fn, ArgTypes...>::value;                          // C++17
        -:  395:      template <class R, class Fn, class... ArgTypes> inline constexpr bool is_invocable_r_v
        -:  396:        = is_invocable_r<R, Fn, ArgTypes...>::value;                     // C++17
        -:  397:      template <class Fn, class... ArgTypes> inline constexpr bool is_nothrow_invocable_v
        -:  398:        = is_nothrow_invocable<Fn, ArgTypes...>::value;                  // C++17
        -:  399:      template <class R, class Fn, class... ArgTypes> inline constexpr bool is_nothrow_invocable_r_v
        -:  400:        = is_nothrow_invocable_r<R, Fn, ArgTypes...>::value;             // C++17
        -:  401:
        -:  402:      // [meta.logical], logical operator traits:
        -:  403:      template<class... B> struct conjunction;                           // C++17
        -:  404:      template<class... B>
        -:  405:        inline constexpr bool conjunction_v = conjunction<B...>::value;  // C++17
        -:  406:      template<class... B> struct disjunction;                           // C++17
        -:  407:      template<class... B>
        -:  408:        inline constexpr bool disjunction_v = disjunction<B...>::value;  // C++17
        -:  409:      template<class B> struct negation;                                 // C++17
        -:  410:      template<class B>
        -:  411:        inline constexpr bool negation_v = negation<B>::value;           // C++17
        -:  412:
        -:  413:}
        -:  414:
        -:  415:*/
        -:  416:#include <__config>
        -:  417:#include <cstddef>
        -:  418:#include <version>
        -:  419:
        -:  420:#if !defined(_LIBCPP_HAS_NO_PRAGMA_SYSTEM_HEADER)
        -:  421:#pragma GCC system_header
        -:  422:#endif
        -:  423:
        -:  424:_LIBCPP_BEGIN_NAMESPACE_STD
        -:  425:
        -:  426:template <class _T1, class _T2> struct _LIBCPP_TEMPLATE_VIS pair;
        -:  427:template <class _Tp> class _LIBCPP_TEMPLATE_VIS reference_wrapper;
        -:  428:template <class _Tp> struct _LIBCPP_TEMPLATE_VIS hash;
        -:  429:
        -:  430:template <class _Tp, _Tp __v>
        -:  431:struct _LIBCPP_TEMPLATE_VIS integral_constant
        -:  432:{
        -:  433:  static _LIBCPP_CONSTEXPR const _Tp      value = __v;
        -:  434:  typedef _Tp               value_type;
        -:  435:  typedef integral_constant type;
        -:  436:  _LIBCPP_INLINE_VISIBILITY
        -:  437:  _LIBCPP_CONSTEXPR operator value_type() const _NOEXCEPT {return value;}
        -:  438:#if _LIBCPP_STD_VER > 11
        -:  439:  _LIBCPP_INLINE_VISIBILITY
        -:  440:  constexpr value_type operator ()() const _NOEXCEPT {return value;}
        -:  441:#endif
        -:  442:};
        -:  443:
        -:  444:template <class _Tp, _Tp __v>
        -:  445:_LIBCPP_CONSTEXPR const _Tp integral_constant<_Tp, __v>::value;
        -:  446:
        -:  447:#if _LIBCPP_STD_VER > 14
        -:  448:template <bool __b>
        -:  449:using bool_constant = integral_constant<bool, __b>;
        -:  450:#define _LIBCPP_BOOL_CONSTANT(__b) bool_constant<(__b)>
        -:  451:#else
        -:  452:#define _LIBCPP_BOOL_CONSTANT(__b) integral_constant<bool,(__b)>
        -:  453:#endif
        -:  454:
        -:  455:typedef _LIBCPP_BOOL_CONSTANT(true)  true_type;
        -:  456:typedef _LIBCPP_BOOL_CONSTANT(false) false_type;
        -:  457:
        -:  458:template <bool _Val>
        -:  459:using _BoolConstant _LIBCPP_NODEBUG_TYPE = integral_constant<bool, _Val>;
        -:  460:
        -:  461:template <bool> struct _MetaBase;
        -:  462:template <>
        -:  463:struct _MetaBase<true> {
        -:  464:  template <class _Tp, class _Up>
        -:  465:  using _SelectImpl _LIBCPP_NODEBUG_TYPE = _Tp;
        -:  466:  template <template <class...> class _FirstFn, template <class...> class, class ..._Args>
        -:  467:  using _SelectApplyImpl _LIBCPP_NODEBUG_TYPE = _FirstFn<_Args...>;
        -:  468:  template <class _First, class...>
        -:  469:  using _FirstImpl _LIBCPP_NODEBUG_TYPE = _First;
        -:  470:  template <class, class _Second, class...>
        -:  471:  using _SecondImpl _LIBCPP_NODEBUG_TYPE = _Second;
        -:  472:  template <class _Tp = void>
        -:  473:  using _EnableIfImpl _LIBCPP_NODEBUG_TYPE = _Tp;
        -:  474:  template <class _Result, class _First, class ..._Rest>
        -:  475:  using _OrImpl _LIBCPP_NODEBUG_TYPE = typename _MetaBase<_First::value != true && sizeof...(_Rest) != 0>::template _OrImpl<_First, _Rest...>;
        -:  476:  template <class _Result, class _First, class ..._Rest>
        -:  477:  using _AndImpl _LIBCPP_NODEBUG_TYPE = typename _MetaBase<_First::value == true && sizeof...(_Rest) != 0>::template _AndImpl<_First, _Rest...>;
        -:  478:};
        -:  479:
        -:  480:template <>
        -:  481:struct _MetaBase<false> {
        -:  482:  template <class _Tp, class _Up>
        -:  483:  using _SelectImpl _LIBCPP_NODEBUG_TYPE = _Up;
        -:  484:  template <template <class...> class, template <class...> class _SecondFn, class ..._Args>
        -:  485:  using _SelectApplyImpl _LIBCPP_NODEBUG_TYPE = _SecondFn<_Args...>;
        -:  486:  template <class _Result, class ...>
        -:  487:  using _OrImpl _LIBCPP_NODEBUG_TYPE = _Result;
        -:  488:  template <class _Result, class ...>
        -:  489:  using _AndImpl _LIBCPP_NODEBUG_TYPE = _Result;
        -:  490:};
        -:  491:template <bool _Cond, class _Ret = void>
        -:  492:using _EnableIf _LIBCPP_NODEBUG_TYPE = typename _MetaBase<_Cond>::template _EnableIfImpl<_Ret>;
        -:  493:template <bool _Cond, class _IfRes, class _ElseRes>
        -:  494:using _If _LIBCPP_NODEBUG_TYPE = typename _MetaBase<_Cond>::template _SelectImpl<_IfRes, _ElseRes>;
        -:  495:template <class ..._Rest>
        -:  496:using _Or _LIBCPP_NODEBUG_TYPE = typename _MetaBase< sizeof...(_Rest) != 0 >::template _OrImpl<false_type, _Rest...>;
        -:  497:template <class ..._Rest>
        -:  498:using _And _LIBCPP_NODEBUG_TYPE = typename _MetaBase< sizeof...(_Rest) != 0 >::template _AndImpl<true_type, _Rest...>;
        -:  499:template <class _Pred>
        -:  500:struct _Not : _BoolConstant<!_Pred::value> {};
        -:  501:template <class ..._Args>
        -:  502:using _FirstType _LIBCPP_NODEBUG_TYPE = typename _MetaBase<(sizeof...(_Args) >= 1)>::template _FirstImpl<_Args...>;
        -:  503:template <class ..._Args>
        -:  504:using _SecondType _LIBCPP_NODEBUG_TYPE = typename _MetaBase<(sizeof...(_Args) >= 2)>::template _SecondImpl<_Args...>;
        -:  505:
        -:  506:template <template <class...> class _Func, class ..._Args>
        -:  507:struct _Lazy : _Func<_Args...> {};
        -:  508:
        -:  509:// Member detector base
        -:  510:
        -:  511:template <template <class...> class _Templ, class ..._Args, class = _Templ<_Args...> >
        -:  512:true_type __sfinae_test_impl(int);
        -:  513:template <template <class...> class, class ...>
        -:  514:false_type __sfinae_test_impl(...);
        -:  515:
        -:  516:template <template <class ...> class _Templ, class ..._Args>
        -:  517:using _IsValidExpansion _LIBCPP_NODEBUG_TYPE = decltype(std::__sfinae_test_impl<_Templ, _Args...>(0));
        -:  518:
        -:  519:template <class>
        -:  520:struct __void_t { typedef void type; };
        -:  521:
        -:  522:template <class _Tp>
        -:  523:struct __identity { typedef _Tp type; };
        -:  524:
        -:  525:template <class _Tp, bool>
        -:  526:struct _LIBCPP_TEMPLATE_VIS __dependent_type : public _Tp {};
        -:  527:
        -:  528:
        -:  529:template <bool _Bp, class _If, class _Then>
        -:  530:    struct _LIBCPP_TEMPLATE_VIS conditional {typedef _If type;};
        -:  531:template <class _If, class _Then>
        -:  532:    struct _LIBCPP_TEMPLATE_VIS conditional<false, _If, _Then> {typedef _Then type;};
        -:  533:
        -:  534:#if _LIBCPP_STD_VER > 11
        -:  535:template <bool _Bp, class _If, class _Then> using conditional_t = typename conditional<_Bp, _If, _Then>::type;
        -:  536:#endif
        -:  537:
        -:  538:template <bool, class _Tp = void> struct _LIBCPP_TEMPLATE_VIS enable_if {};
        -:  539:template <class _Tp> struct _LIBCPP_TEMPLATE_VIS enable_if<true, _Tp> {typedef _Tp type;};
        -:  540:
        -:  541:#if _LIBCPP_STD_VER > 11
        -:  542:template <bool _Bp, class _Tp = void> using enable_if_t = typename enable_if<_Bp, _Tp>::type;
        -:  543:#endif
        -:  544:
        -:  545:// is_same
        -:  546:
        -:  547:#if __has_keyword(__is_same)
        -:  548:
        -:  549:template <class _Tp, class _Up>
        -:  550:struct _LIBCPP_TEMPLATE_VIS is_same : _BoolConstant<__is_same(_Tp, _Up)> { };
        -:  551:
        -:  552:#if _LIBCPP_STD_VER > 14 && !defined(_LIBCPP_HAS_NO_VARIABLE_TEMPLATES)
        -:  553:template <class _Tp, class _Up>
        -:  554:_LIBCPP_INLINE_VAR _LIBCPP_CONSTEXPR bool is_same_v = __is_same(_Tp, _Up);
        -:  555:#endif
        -:  556:
        -:  557:#else
        -:  558:
        -:  559:template <class _Tp, class _Up> struct _LIBCPP_TEMPLATE_VIS is_same           : public false_type {};
        -:  560:template <class _Tp>            struct _LIBCPP_TEMPLATE_VIS is_same<_Tp, _Tp> : public true_type {};
        -:  561:
        -:  562:#if _LIBCPP_STD_VER > 14 && !defined(_LIBCPP_HAS_NO_VARIABLE_TEMPLATES)
        -:  563:template <class _Tp, class _Up>
        -:  564:_LIBCPP_INLINE_VAR _LIBCPP_CONSTEXPR bool is_same_v
        -:  565:    = is_same<_Tp, _Up>::value;
        -:  566:#endif
        -:  567:
        -:  568:#endif // __is_same
        -:  569:
        -:  570:template <class _Tp, class _Up>
        -:  571:using _IsSame = _BoolConstant<
        -:  572:#ifdef __clang__
        -:  573:    __is_same(_Tp, _Up)
        -:  574:#else
        -:  575:    _VSTD::is_same<_Tp, _Up>::value
        -:  576:#endif
        -:  577:>;
        -:  578:
        -:  579:template <class _Tp, class _Up>
        -:  580:using _IsNotSame = _BoolConstant<
        -:  581:#ifdef __clang__
        -:  582:    !__is_same(_Tp, _Up)
        -:  583:#else
        -:  584:    !_VSTD::is_same<_Tp, _Up>::value
        -:  585:#endif
        -:  586:>;
        -:  587:
        -:  588:
        -:  589:template <class _Tp>
        -:  590:using __test_for_primary_template = _EnableIf<
        -:  591:    _IsSame<_Tp, typename _Tp::__primary_template>::value
        -:  592:  >;
        -:  593:template <class _Tp>
        -:  594:using __is_primary_template = _IsValidExpansion<
        -:  595:    __test_for_primary_template, _Tp
        -:  596:  >;
        -:  597:
        -:  598:// addressof
        -:  599:#ifndef _LIBCPP_HAS_NO_BUILTIN_ADDRESSOF
        -:  600:
        -:  601:template <class _Tp>
        -:  602:inline _LIBCPP_CONSTEXPR_AFTER_CXX14
        -:  603:_LIBCPP_NO_CFI _LIBCPP_INLINE_VISIBILITY
        -:  604:_Tp*
    #####:  605:addressof(_Tp& __x) _NOEXCEPT
        -:  606:{
    #####:  607:    return __builtin_addressof(__x);
        -:  608:}
        -:  609:
        -:  610:#else
        -:  611:
        -:  612:template <class _Tp>
        -:  613:inline _LIBCPP_NO_CFI _LIBCPP_INLINE_VISIBILITY
        -:  614:_Tp*
        -:  615:addressof(_Tp& __x) _NOEXCEPT
        -:  616:{
        -:  617:  return reinterpret_cast<_Tp *>(
        -:  618:      const_cast<char *>(&reinterpret_cast<const volatile char &>(__x)));
        -:  619:}
        -:  620:
        -:  621:#endif // _LIBCPP_HAS_NO_BUILTIN_ADDRESSOF
        -:  622:
        -:  623:#if defined(_LIBCPP_HAS_OBJC_ARC) && !defined(_LIBCPP_PREDEFINED_OBJC_ARC_ADDRESSOF)
        -:  624:// Objective-C++ Automatic Reference Counting uses qualified pointers
        -:  625:// that require special addressof() signatures. When
        -:  626:// _LIBCPP_PREDEFINED_OBJC_ARC_ADDRESSOF is defined, the compiler
        -:  627:// itself is providing these definitions. Otherwise, we provide them.
        -:  628:template <class _Tp>
        -:  629:inline _LIBCPP_INLINE_VISIBILITY
        -:  630:__strong _Tp*
        -:  631:addressof(__strong _Tp& __x) _NOEXCEPT
        -:  632:{
        -:  633:  return &__x;
        -:  634:}
        -:  635:
        -:  636:#ifdef _LIBCPP_HAS_OBJC_ARC_WEAK
        -:  637:template <class _Tp>
        -:  638:inline _LIBCPP_INLINE_VISIBILITY
        -:  639:__weak _Tp*
        -:  640:addressof(__weak _Tp& __x) _NOEXCEPT
        -:  641:{
        -:  642:  return &__x;
        -:  643:}
        -:  644:#endif
        -:  645:
        -:  646:template <class _Tp>
        -:  647:inline _LIBCPP_INLINE_VISIBILITY
        -:  648:__autoreleasing _Tp*
        -:  649:addressof(__autoreleasing _Tp& __x) _NOEXCEPT
        -:  650:{
        -:  651:  return &__x;
        -:  652:}
        -:  653:
        -:  654:template <class _Tp>
        -:  655:inline _LIBCPP_INLINE_VISIBILITY
        -:  656:__unsafe_unretained _Tp*
        -:  657:addressof(__unsafe_unretained _Tp& __x) _NOEXCEPT
        -:  658:{
        -:  659:  return &__x;
        -:  660:}
        -:  661:#endif
        -:  662:
        -:  663:#if !defined(_LIBCPP_CXX03_LANG)
        -:  664:template <class _Tp> _Tp* addressof(const _Tp&&) noexcept = delete;
        -:  665:#endif
        -:  666:
        -:  667:struct __two {char __lx[2];};
        -:  668:
        -:  669:// helper class:
        -:  670:
        -:  671:// is_const
        -:  672:
        -:  673:#if __has_keyword(__is_const)
        -:  674:
        -:  675:template <class _Tp>
        -:  676:struct _LIBCPP_TEMPLATE_VIS is_const : _BoolConstant<__is_const(_Tp)> { };
        -:  677:
        -:  678:#if _LIBCPP_STD_VER > 14 && !defined(_LIBCPP_HAS_NO_VARIABLE_TEMPLATES)
        -:  679:template <class _Tp>
        -:  680:_LIBCPP_INLINE_VAR _LIBCPP_CONSTEXPR bool is_const_v = __is_const(_Tp);
        -:  681:#endif
        -:  682:
        -:  683:#else
        -:  684:
        -:  685:template <class _Tp> struct _LIBCPP_TEMPLATE_VIS is_const            : public false_type {};
        -:  686:template <class _Tp> struct _LIBCPP_TEMPLATE_VIS is_const<_Tp const> : public true_type {};
        -:  687:
        -:  688:#if _LIBCPP_STD_VER > 14 && !defined(_LIBCPP_HAS_NO_VARIABLE_TEMPLATES)
        -:  689:template <class _Tp>
        -:  690:_LIBCPP_INLINE_VAR _LIBCPP_CONSTEXPR bool is_const_v
        -:  691:    = is_const<_Tp>::value;
        -:  692:#endif
        -:  693:
        -:  694:#endif // __has_keyword(__is_const)
        -:  695:
        -:  696:// is_volatile
        -:  697:
        -:  698:#if __has_keyword(__is_volatile)
        -:  699:
        -:  700:template <class _Tp>
        -:  701:struct _LIBCPP_TEMPLATE_VIS is_volatile : _BoolConstant<__is_volatile(_Tp)> { };
        -:  702:
        -:  703:#if _LIBCPP_STD_VER > 14 && !defined(_LIBCPP_HAS_NO_VARIABLE_TEMPLATES)
        -:  704:template <class _Tp>
        -:  705:_LIBCPP_INLINE_VAR _LIBCPP_CONSTEXPR bool is_volatile_v = __is_volatile(_Tp);
        -:  706:#endif
        -:  707:
        -:  708:#else
        -:  709:
        -:  710:template <class _Tp> struct _LIBCPP_TEMPLATE_VIS is_volatile               : public false_type {};
        -:  711:template <class _Tp> struct _LIBCPP_TEMPLATE_VIS is_volatile<_Tp volatile> : public true_type {};
        -:  712:
        -:  713:#if _LIBCPP_STD_VER > 14 && !defined(_LIBCPP_HAS_NO_VARIABLE_TEMPLATES)
        -:  714:template <class _Tp>
        -:  715:_LIBCPP_INLINE_VAR _LIBCPP_CONSTEXPR bool is_volatile_v
        -:  716:    = is_volatile<_Tp>::value;
        -:  717:#endif
        -:  718:
        -:  719:#endif // __has_keyword(__is_volatile)
        -:  720:
        -:  721:// remove_const
        -:  722:
        -:  723:#if __has_keyword(__remove_const)
        -:  724:
        -:  725:template <class _Tp>
        -:  726:struct _LIBCPP_TEMPLATE_VIS remove_const {typedef __remove_const(_Tp) type;};
        -:  727:
        -:  728:#if _LIBCPP_STD_VER > 11
        -:  729:template <class _Tp> using remove_const_t = __remove_const(_Tp);
        -:  730:#endif
        -:  731:
        -:  732:#else
        -:  733:
        -:  734:template <class _Tp> struct _LIBCPP_TEMPLATE_VIS remove_const            {typedef _Tp type;};
        -:  735:template <class _Tp> struct _LIBCPP_TEMPLATE_VIS remove_const<const _Tp> {typedef _Tp type;};
        -:  736:#if _LIBCPP_STD_VER > 11
        -:  737:template <class _Tp> using remove_const_t = typename remove_const<_Tp>::type;
        -:  738:#endif
        -:  739:
        -:  740:#endif // __has_keyword(__remove_const)
        -:  741:
        -:  742:// remove_volatile
        -:  743:
        -:  744:#if __has_keyword(__remove_volatile)
        -:  745:
        -:  746:template <class _Tp>
        -:  747:struct _LIBCPP_TEMPLATE_VIS remove_volatile {typedef __remove_volatile(_Tp) type;};
        -:  748:
        -:  749:#if _LIBCPP_STD_VER > 11
        -:  750:template <class _Tp> using remove_volatile_t = __remove_volatile(_Tp);
        -:  751:#endif
        -:  752:
        -:  753:#else
        -:  754:
        -:  755:template <class _Tp> struct _LIBCPP_TEMPLATE_VIS remove_volatile               {typedef _Tp type;};
        -:  756:template <class _Tp> struct _LIBCPP_TEMPLATE_VIS remove_volatile<volatile _Tp> {typedef _Tp type;};
        -:  757:#if _LIBCPP_STD_VER > 11
        -:  758:template <class _Tp> using remove_volatile_t = typename remove_volatile<_Tp>::type;
        -:  759:#endif
        -:  760:
        -:  761:#endif // __has_keyword(__remove_volatile)
        -:  762:
        -:  763:// remove_cv
        -:  764:
        -:  765:#if __has_keyword(__remove_cv)
        -:  766:
        -:  767:template <class _Tp>
        -:  768:struct _LIBCPP_TEMPLATE_VIS remove_cv {typedef __remove_cv(_Tp) type;};
        -:  769:
        -:  770:#if _LIBCPP_STD_VER > 11
        -:  771:template <class _Tp> using remove_cv_t = __remove_cv(_Tp);
        -:  772:#endif
        -:  773:
        -:  774:#else
        -:  775:
        -:  776:template <class _Tp> struct _LIBCPP_TEMPLATE_VIS remove_cv
        -:  777:{typedef typename remove_volatile<typename remove_const<_Tp>::type>::type type;};
        -:  778:#if _LIBCPP_STD_VER > 11
        -:  779:template <class _Tp> using remove_cv_t = typename remove_cv<_Tp>::type;
        -:  780:#endif
        -:  781:
        -:  782:#endif // __has_keyword(__remove_cv)
        -:  783:
        -:  784:// is_void
        -:  785:
        -:  786:#if __has_keyword(__is_void)
        -:  787:
        -:  788:template <class _Tp>
        -:  789:struct _LIBCPP_TEMPLATE_VIS is_void : _BoolConstant<__is_void(_Tp)> { };
        -:  790:
        -:  791:#if _LIBCPP_STD_VER > 14 && !defined(_LIBCPP_HAS_NO_VARIABLE_TEMPLATES)
        -:  792:template <class _Tp>
        -:  793:_LIBCPP_INLINE_VAR _LIBCPP_CONSTEXPR bool is_void_v = __is_void(_Tp);
        -:  794:#endif
        -:  795:
        -:  796:#else
        -:  797:
        -:  798:template <class _Tp> struct _LIBCPP_TEMPLATE_VIS is_void
        -:  799:    : public is_same<typename remove_cv<_Tp>::type, void> {};
        -:  800:
        -:  801:#if _LIBCPP_STD_VER > 14 && !defined(_LIBCPP_HAS_NO_VARIABLE_TEMPLATES)
        -:  802:template <class _Tp>
        -:  803:_LIBCPP_INLINE_VAR _LIBCPP_CONSTEXPR bool is_void_v
        -:  804:    = is_void<_Tp>::value;
        -:  805:#endif
        -:  806:
        -:  807:#endif // __has_keyword(__is_void)
        -:  808:
        -:  809:// __is_nullptr_t
        -:  810:
        -:  811:template <class _Tp> struct __is_nullptr_t_impl       : public false_type {};
        -:  812:template <>          struct __is_nullptr_t_impl<nullptr_t> : public true_type {};
        -:  813:
        -:  814:template <class _Tp> struct _LIBCPP_TEMPLATE_VIS __is_nullptr_t
        -:  815:    : public __is_nullptr_t_impl<typename remove_cv<_Tp>::type> {};
        -:  816:
        -:  817:#if _LIBCPP_STD_VER > 11
        -:  818:template <class _Tp> struct _LIBCPP_TEMPLATE_VIS is_null_pointer
        -:  819:    : public __is_nullptr_t_impl<typename remove_cv<_Tp>::type> {};
        -:  820:
        -:  821:#if _LIBCPP_STD_VER > 14 && !defined(_LIBCPP_HAS_NO_VARIABLE_TEMPLATES)
        -:  822:template <class _Tp>
        -:  823:_LIBCPP_INLINE_VAR _LIBCPP_CONSTEXPR bool is_null_pointer_v
        -:  824:    = is_null_pointer<_Tp>::value;
        -:  825:#endif
        -:  826:#endif // _LIBCPP_STD_VER > 11
        -:  827:
        -:  828:// is_integral
        -:  829:
        -:  830:#if __has_keyword(__is_integral)
        -:  831:
        -:  832:template <class _Tp>
        -:  833:struct _LIBCPP_TEMPLATE_VIS is_integral : _BoolConstant<__is_integral(_Tp)> { };
        -:  834:
        -:  835:#if _LIBCPP_STD_VER > 14
        -:  836:template <class _Tp>
        -:  837:_LIBCPP_INLINE_VAR _LIBCPP_CONSTEXPR bool is_integral_v = __is_integral(_Tp);
        -:  838:#endif
        -:  839:
        -:  840:#else
        -:  841:
        -:  842:template <class _Tp> struct _LIBCPP_TEMPLATE_VIS is_integral
        -:  843:    : public _BoolConstant<__libcpp_is_integral<typename remove_cv<_Tp>::type>::value> {};
        -:  844:
        -:  845:#if _LIBCPP_STD_VER > 14 && !defined(_LIBCPP_HAS_NO_VARIABLE_TEMPLATES)
        -:  846:template <class _Tp>
        -:  847:_LIBCPP_INLINE_VAR _LIBCPP_CONSTEXPR bool is_integral_v
        -:  848:    = is_integral<_Tp>::value;
        -:  849:#endif
        -:  850:
        -:  851:#endif // __has_keyword(__is_integral)
        -:  852:
        -:  853:// is_floating_point
        -:  854:
        -:  855:template <class _Tp> struct __libcpp_is_floating_point              : public false_type {};
        -:  856:template <>          struct __libcpp_is_floating_point<float>       : public true_type {};
        -:  857:template <>          struct __libcpp_is_floating_point<double>      : public true_type {};
        -:  858:template <>          struct __libcpp_is_floating_point<long double> : public true_type {};
        -:  859:
        -:  860:template <class _Tp> struct _LIBCPP_TEMPLATE_VIS is_floating_point
        -:  861:    : public __libcpp_is_floating_point<typename remove_cv<_Tp>::type> {};
        -:  862:
        -:  863:#if _LIBCPP_STD_VER > 14 && !defined(_LIBCPP_HAS_NO_VARIABLE_TEMPLATES)
        -:  864:template <class _Tp>
        -:  865:_LIBCPP_INLINE_VAR _LIBCPP_CONSTEXPR bool is_floating_point_v
        -:  866:    = is_floating_point<_Tp>::value;
        -:  867:#endif
        -:  868:
        -:  869:// is_array
        -:  870:
        -:  871:#if __has_keyword(__is_array)
        -:  872:
        -:  873:template <class _Tp>
        -:  874:struct _LIBCPP_TEMPLATE_VIS is_array : _BoolConstant<__is_array(_Tp)> { };
        -:  875:
        -:  876:#if _LIBCPP_STD_VER > 14 && !defined(_LIBCPP_HAS_NO_VARIABLE_TEMPLATES)
        -:  877:template <class _Tp>
        -:  878:_LIBCPP_INLINE_VAR _LIBCPP_CONSTEXPR bool is_array_v = __is_array(_Tp);
        -:  879:#endif
        -:  880:
        -:  881:#else
        -:  882:
        -:  883:template <class _Tp> struct _LIBCPP_TEMPLATE_VIS is_array
        -:  884:    : public false_type {};
        -:  885:template <class _Tp> struct _LIBCPP_TEMPLATE_VIS is_array<_Tp[]>
        -:  886:    : public true_type {};
        -:  887:template <class _Tp, size_t _Np> struct _LIBCPP_TEMPLATE_VIS is_array<_Tp[_Np]>
        -:  888:    : public true_type {};
        -:  889:
        -:  890:#if _LIBCPP_STD_VER > 14 && !defined(_LIBCPP_HAS_NO_VARIABLE_TEMPLATES)
        -:  891:template <class _Tp>
        -:  892:_LIBCPP_INLINE_VAR _LIBCPP_CONSTEXPR bool is_array_v
        -:  893:    = is_array<_Tp>::value;
        -:  894:#endif
        -:  895:
        -:  896:#endif // __has_keyword(__is_array)
        -:  897:
        -:  898:// is_pointer
        -:  899:
        -:  900:// In clang 10.0.0 and earlier __is_pointer didn't work with Objective-C types.
        -:  901:#if __has_keyword(__is_pointer) && _LIBCPP_CLANG_VER > 1000
        -:  902:
        -:  903:template<class _Tp>
        -:  904:struct _LIBCPP_TEMPLATE_VIS is_pointer : _BoolConstant<__is_pointer(_Tp)> { };
        -:  905:
        -:  906:#if _LIBCPP_STD_VER > 14 && !defined(_LIBCPP_HAS_NO_VARIABLE_TEMPLATES)
        -:  907:template <class _Tp>
        -:  908:_LIBCPP_INLINE_VAR _LIBCPP_CONSTEXPR bool is_pointer_v = __is_pointer(_Tp);
        -:  909:#endif
        -:  910:
        -:  911:#else // __has_keyword(__is_pointer)
        -:  912:
        -:  913:template <class _Tp> struct __libcpp_is_pointer       : public false_type {};
        -:  914:template <class _Tp> struct __libcpp_is_pointer<_Tp*> : public true_type {};
        -:  915:
        -:  916:template <class _Tp> struct __libcpp_remove_objc_qualifiers { typedef _Tp type; };
        -:  917:#if defined(_LIBCPP_HAS_OBJC_ARC)
        -:  918:template <class _Tp> struct __libcpp_remove_objc_qualifiers<_Tp __strong> { typedef _Tp type; };
        -:  919:template <class _Tp> struct __libcpp_remove_objc_qualifiers<_Tp __weak> { typedef _Tp type; };
        -:  920:template <class _Tp> struct __libcpp_remove_objc_qualifiers<_Tp __autoreleasing> { typedef _Tp type; };
        -:  921:template <class _Tp> struct __libcpp_remove_objc_qualifiers<_Tp __unsafe_unretained> { typedef _Tp type; };
        -:  922:#endif
        -:  923:
        -:  924:template <class _Tp> struct _LIBCPP_TEMPLATE_VIS is_pointer
        -:  925:    : public __libcpp_is_pointer<typename __libcpp_remove_objc_qualifiers<typename remove_cv<_Tp>::type>::type> {};
        -:  926:
        -:  927:#if _LIBCPP_STD_VER > 14 && !defined(_LIBCPP_HAS_NO_VARIABLE_TEMPLATES)
        -:  928:template <class _Tp>
        -:  929:_LIBCPP_INLINE_VAR _LIBCPP_CONSTEXPR bool is_pointer_v
        -:  930:    = is_pointer<_Tp>::value;
        -:  931:#endif
        -:  932:
        -:  933:#endif // __has_keyword(__is_pointer)
        -:  934:
        -:  935:// is_reference
        -:  936:
        -:  937:#if __has_keyword(__is_lvalue_reference) && \
        -:  938:    __has_keyword(__is_rvalue_reference) && \
        -:  939:    __has_keyword(__is_reference)
        -:  940:
        -:  941:template<class _Tp>
        -:  942:struct _LIBCPP_TEMPLATE_VIS is_lvalue_reference : _BoolConstant<__is_lvalue_reference(_Tp)> { };
        -:  943:
        -:  944:template<class _Tp>
        -:  945:struct _LIBCPP_TEMPLATE_VIS is_rvalue_reference : _BoolConstant<__is_rvalue_reference(_Tp)> { };
        -:  946:
        -:  947:template<class _Tp>
        -:  948:struct _LIBCPP_TEMPLATE_VIS is_reference : _BoolConstant<__is_reference(_Tp)> { };
        -:  949:
        -:  950:#if _LIBCPP_STD_VER > 14 && !defined(_LIBCPP_HAS_NO_VARIABLE_TEMPLATES)
        -:  951:template <class _Tp>
        -:  952:_LIBCPP_INLINE_VAR _LIBCPP_CONSTEXPR bool is_reference_v = __is_reference(_Tp);
        -:  953:
        -:  954:template <class _Tp>
        -:  955:_LIBCPP_INLINE_VAR _LIBCPP_CONSTEXPR bool is_lvalue_reference_v = __is_lvalue_reference(_Tp);
        -:  956:
        -:  957:template <class _Tp>
        -:  958:_LIBCPP_INLINE_VAR _LIBCPP_CONSTEXPR bool is_rvalue_reference_v = __is_rvalue_reference(_Tp);
        -:  959:#endif
        -:  960:
        -:  961:#else // __has_keyword(__is_lvalue_reference) && etc...
        -:  962:
        -:  963:template <class _Tp> struct _LIBCPP_TEMPLATE_VIS is_lvalue_reference       : public false_type {};
        -:  964:template <class _Tp> struct _LIBCPP_TEMPLATE_VIS is_lvalue_reference<_Tp&> : public true_type {};
        -:  965:
        -:  966:template <class _Tp> struct _LIBCPP_TEMPLATE_VIS is_rvalue_reference        : public false_type {};
        -:  967:template <class _Tp> struct _LIBCPP_TEMPLATE_VIS is_rvalue_reference<_Tp&&> : public true_type {};
        -:  968:
        -:  969:template <class _Tp> struct _LIBCPP_TEMPLATE_VIS is_reference        : public false_type {};
        -:  970:template <class _Tp> struct _LIBCPP_TEMPLATE_VIS is_reference<_Tp&>  : public true_type {};
        -:  971:template <class _Tp> struct _LIBCPP_TEMPLATE_VIS is_reference<_Tp&&> : public true_type {};
        -:  972:
        -:  973:#if _LIBCPP_STD_VER > 14 && !defined(_LIBCPP_HAS_NO_VARIABLE_TEMPLATES)
        -:  974:template <class _Tp>
        -:  975:_LIBCPP_INLINE_VAR _LIBCPP_CONSTEXPR bool is_reference_v
        -:  976:    = is_reference<_Tp>::value;
        -:  977:
        -:  978:template <class _Tp>
        -:  979:_LIBCPP_INLINE_VAR _LIBCPP_CONSTEXPR bool is_lvalue_reference_v
        -:  980:    = is_lvalue_reference<_Tp>::value;
        -:  981:
        -:  982:template <class _Tp>
        -:  983:_LIBCPP_INLINE_VAR _LIBCPP_CONSTEXPR bool is_rvalue_reference_v
        -:  984:    = is_rvalue_reference<_Tp>::value;
        -:  985:#endif
        -:  986:
        -:  987:#endif // __has_keyword(__is_lvalue_reference) && etc...
        -:  988:
        -:  989:// is_union
        -:  990:
        -:  991:#if __has_feature(is_union) || defined(_LIBCPP_COMPILER_GCC)
        -:  992:
        -:  993:template <class _Tp> struct _LIBCPP_TEMPLATE_VIS is_union
        -:  994:    : public integral_constant<bool, __is_union(_Tp)> {};
        -:  995:
        -:  996:#else
        -:  997:
        -:  998:template <class _Tp> struct __libcpp_union : public false_type {};
        -:  999:template <class _Tp> struct _LIBCPP_TEMPLATE_VIS is_union
        -: 1000:    : public __libcpp_union<typename remove_cv<_Tp>::type> {};
        -: 1001:
        -: 1002:#endif
        -: 1003:
        -: 1004:#if _LIBCPP_STD_VER > 14 && !defined(_LIBCPP_HAS_NO_VARIABLE_TEMPLATES)
        -: 1005:template <class _Tp>
        -: 1006:_LIBCPP_INLINE_VAR _LIBCPP_CONSTEXPR bool is_union_v
        -: 1007:    = is_union<_Tp>::value;
        -: 1008:#endif
        -: 1009:
        -: 1010:// is_class
        -: 1011:
        -: 1012:#if __has_feature(is_class) || defined(_LIBCPP_COMPILER_GCC)
        -: 1013:
        -: 1014:template <class _Tp> struct _LIBCPP_TEMPLATE_VIS is_class
        -: 1015:    : public integral_constant<bool, __is_class(_Tp)> {};
        -: 1016:
        -: 1017:#else
        -: 1018:
        -: 1019:namespace __is_class_imp
        -: 1020:{
        -: 1021:template <class _Tp> char  __test(int _Tp::*);
        -: 1022:template <class _Tp> __two __test(...);
        -: 1023:}
        -: 1024:
        -: 1025:template <class _Tp> struct _LIBCPP_TEMPLATE_VIS is_class
        -: 1026:    : public integral_constant<bool, sizeof(__is_class_imp::__test<_Tp>(0)) == 1 && !is_union<_Tp>::value> {};
        -: 1027:
        -: 1028:#endif
        -: 1029:
        -: 1030:#if _LIBCPP_STD_VER > 14 && !defined(_LIBCPP_HAS_NO_VARIABLE_TEMPLATES)
        -: 1031:template <class _Tp>
        -: 1032:_LIBCPP_INLINE_VAR _LIBCPP_CONSTEXPR bool is_class_v
        -: 1033:    = is_class<_Tp>::value;
        -: 1034:#endif
        -: 1035:
        -: 1036:// is_function
        -: 1037:
        -: 1038:template <class _Tp> struct _LIBCPP_TEMPLATE_VIS is_function
        -: 1039:    : public _BoolConstant<
        -: 1040:#ifdef __clang__
        -: 1041:    __is_function(_Tp)
        -: 1042:#else
        -: 1043: !(is_reference<_Tp>::value || is_const<const _Tp>::value)
        -: 1044:#endif
        -: 1045:    > {};
        -: 1046:
        -: 1047:
        -: 1048:#if _LIBCPP_STD_VER > 14 && !defined(_LIBCPP_HAS_NO_VARIABLE_TEMPLATES)
        -: 1049:template <class _Tp>
        -: 1050:_LIBCPP_INLINE_VAR _LIBCPP_CONSTEXPR bool is_function_v
        -: 1051:    = is_function<_Tp>::value;
        -: 1052:#endif
        -: 1053:
        -: 1054:template <class _Tp> struct __libcpp_is_member_pointer {
        -: 1055:  enum {
        -: 1056:    __is_member = false,
        -: 1057:    __is_func = false,
        -: 1058:    __is_obj = false
        -: 1059:  };
        -: 1060:};
        -: 1061:template <class _Tp, class _Up> struct __libcpp_is_member_pointer<_Tp _Up::*> {
        -: 1062:  enum {
        -: 1063:    __is_member = true,
        -: 1064:    __is_func = is_function<_Tp>::value,
        -: 1065:    __is_obj = !__is_func,
        -: 1066:  };
        -: 1067:};
        -: 1068:
        -: 1069:#if __has_keyword(__is_member_function_pointer)
        -: 1070:
        -: 1071:template<class _Tp>
        -: 1072:struct _LIBCPP_TEMPLATE_VIS is_member_function_pointer
        -: 1073:    : _BoolConstant<__is_member_function_pointer(_Tp)> { };
        -: 1074:
        -: 1075:#if _LIBCPP_STD_VER > 14 && !defined(_LIBCPP_HAS_NO_VARIABLE_TEMPLATES)
        -: 1076:template <class _Tp>
        -: 1077:_LIBCPP_INLINE_VAR _LIBCPP_CONSTEXPR bool is_member_function_pointer_v
        -: 1078:    = __is_member_function_pointer(_Tp);
        -: 1079:#endif
        -: 1080:
        -: 1081:#else // __has_keyword(__is_member_function_pointer)
        -: 1082:
        -: 1083:template <class _Tp> struct _LIBCPP_TEMPLATE_VIS is_member_function_pointer
        -: 1084:    : public _BoolConstant< __libcpp_is_member_pointer<typename remove_cv<_Tp>::type>::__is_func > {};
        -: 1085:
        -: 1086:#if _LIBCPP_STD_VER > 14 && !defined(_LIBCPP_HAS_NO_VARIABLE_TEMPLATES)
        -: 1087:template <class _Tp>
        -: 1088:_LIBCPP_INLINE_VAR _LIBCPP_CONSTEXPR bool is_member_function_pointer_v
        -: 1089:    = is_member_function_pointer<_Tp>::value;
        -: 1090:#endif
        -: 1091:
        -: 1092:#endif // __has_keyword(__is_member_function_pointer)
        -: 1093:
        -: 1094:// is_member_pointer
        -: 1095:
        -: 1096:#if __has_keyword(__is_member_pointer)
        -: 1097:
        -: 1098:template<class _Tp>
        -: 1099:struct _LIBCPP_TEMPLATE_VIS is_member_pointer : _BoolConstant<__is_member_pointer(_Tp)> { };
        -: 1100:
        -: 1101:#if _LIBCPP_STD_VER > 14 && !defined(_LIBCPP_HAS_NO_VARIABLE_TEMPLATES)
        -: 1102:template <class _Tp>
        -: 1103:_LIBCPP_INLINE_VAR _LIBCPP_CONSTEXPR bool is_member_pointer_v = __is_member_pointer(_Tp);
        -: 1104:#endif
        -: 1105:
        -: 1106:#else // __has_keyword(__is_member_pointer)
        -: 1107:
        -: 1108:template <class _Tp> struct _LIBCPP_TEMPLATE_VIS is_member_pointer
        -: 1109: : public _BoolConstant< __libcpp_is_member_pointer<typename remove_cv<_Tp>::type>::__is_member > {};
        -: 1110:
        -: 1111:#if _LIBCPP_STD_VER > 14 && !defined(_LIBCPP_HAS_NO_VARIABLE_TEMPLATES)
        -: 1112:template <class _Tp>
        -: 1113:_LIBCPP_INLINE_VAR _LIBCPP_CONSTEXPR bool is_member_pointer_v
        -: 1114:    = is_member_pointer<_Tp>::value;
        -: 1115:#endif
        -: 1116:
        -: 1117:#endif // __has_keyword(__is_member_pointer)
        -: 1118:
        -: 1119:// is_member_object_pointer
        -: 1120:
        -: 1121:#if __has_keyword(__is_member_object_pointer)
        -: 1122:
        -: 1123:template<class _Tp>
        -: 1124:struct _LIBCPP_TEMPLATE_VIS is_member_object_pointer
        -: 1125:    : _BoolConstant<__is_member_object_pointer(_Tp)> { };
        -: 1126:
        -: 1127:#if _LIBCPP_STD_VER > 14 && !defined(_LIBCPP_HAS_NO_VARIABLE_TEMPLATES)
        -: 1128:template <class _Tp>
        -: 1129:_LIBCPP_INLINE_VAR _LIBCPP_CONSTEXPR bool is_member_object_pointer_v
        -: 1130:    = __is_member_object_pointer(_Tp);
        -: 1131:#endif
        -: 1132:
        -: 1133:#else // __has_keyword(__is_member_object_pointer)
        -: 1134:
        -: 1135:template <class _Tp> struct _LIBCPP_TEMPLATE_VIS is_member_object_pointer
        -: 1136:    : public _BoolConstant< __libcpp_is_member_pointer<typename remove_cv<_Tp>::type>::__is_obj >  {};
        -: 1137:
        -: 1138:#if _LIBCPP_STD_VER > 14 && !defined(_LIBCPP_HAS_NO_VARIABLE_TEMPLATES)
        -: 1139:template <class _Tp>
        -: 1140:_LIBCPP_INLINE_VAR _LIBCPP_CONSTEXPR bool is_member_object_pointer_v
        -: 1141:    = is_member_object_pointer<_Tp>::value;
        -: 1142:#endif
        -: 1143:
        -: 1144:#endif // __has_keyword(__is_member_object_pointer)
        -: 1145:
        -: 1146:// is_enum
        -: 1147:
        -: 1148:#if __has_feature(is_enum) || defined(_LIBCPP_COMPILER_GCC)
        -: 1149:
        -: 1150:template <class _Tp> struct _LIBCPP_TEMPLATE_VIS is_enum
        -: 1151:    : public integral_constant<bool, __is_enum(_Tp)> {};
        -: 1152:
        -: 1153:#if _LIBCPP_STD_VER > 14 && !defined(_LIBCPP_HAS_NO_VARIABLE_TEMPLATES)
        -: 1154:template <class _Tp>
        -: 1155:_LIBCPP_INLINE_VAR _LIBCPP_CONSTEXPR bool is_enum_v = __is_enum(_Tp);
        -: 1156:#endif
        -: 1157:
        -: 1158:#else
        -: 1159:
        -: 1160:template <class _Tp> struct _LIBCPP_TEMPLATE_VIS is_enum
        -: 1161:    : public integral_constant<bool, !is_void<_Tp>::value             &&
        -: 1162:                                     !is_integral<_Tp>::value         &&
        -: 1163:                                     !is_floating_point<_Tp>::value   &&
        -: 1164:                                     !is_array<_Tp>::value            &&
        -: 1165:                                     !is_pointer<_Tp>::value          &&
        -: 1166:                                     !is_reference<_Tp>::value        &&
        -: 1167:                                     !is_member_pointer<_Tp>::value   &&
        -: 1168:                                     !is_union<_Tp>::value            &&
        -: 1169:                                     !is_class<_Tp>::value            &&
        -: 1170:                                     !is_function<_Tp>::value         > {};
        -: 1171:
        -: 1172:#if _LIBCPP_STD_VER > 14 && !defined(_LIBCPP_HAS_NO_VARIABLE_TEMPLATES)
        -: 1173:template <class _Tp>
        -: 1174:_LIBCPP_INLINE_VAR _LIBCPP_CONSTEXPR bool is_enum_v
        -: 1175:    = is_enum<_Tp>::value;
        -: 1176:#endif
        -: 1177:
        -: 1178:#endif // __has_feature(is_enum) || defined(_LIBCPP_COMPILER_GCC)
        -: 1179:
        -: 1180:// is_arithmetic
        -: 1181:
        -: 1182:
        -: 1183:template <class _Tp> struct _LIBCPP_TEMPLATE_VIS is_arithmetic
        -: 1184:    : public integral_constant<bool, is_integral<_Tp>::value      ||
        -: 1185:                                     is_floating_point<_Tp>::value> {};
        -: 1186:
        -: 1187:#if _LIBCPP_STD_VER > 14 && !defined(_LIBCPP_HAS_NO_VARIABLE_TEMPLATES)
        -: 1188:template <class _Tp>
        -: 1189:_LIBCPP_INLINE_VAR _LIBCPP_CONSTEXPR bool is_arithmetic_v
        -: 1190:    = is_arithmetic<_Tp>::value;
        -: 1191:#endif
        -: 1192:
        -: 1193:// is_fundamental
        -: 1194:
        -: 1195:// In clang 9 and lower, this builtin did not work for nullptr_t. Additionally, in C++03 mode,
        -: 1196:// nullptr isn't defined by the compiler so, this builtin won't work.
        -: 1197:#if __has_keyword(__is_fundamental) && _LIBCPP_CLANG_VER > 900 && !defined(_LIBCPP_CXX03_LANG)
        -: 1198:
        -: 1199:template<class _Tp>
        -: 1200:struct _LIBCPP_TEMPLATE_VIS is_fundamental : _BoolConstant<__is_fundamental(_Tp)> { };
        -: 1201:
        -: 1202:#if _LIBCPP_STD_VER > 14 && !defined(_LIBCPP_HAS_NO_VARIABLE_TEMPLATES)
        -: 1203:template <class _Tp>
        -: 1204:_LIBCPP_INLINE_VAR _LIBCPP_CONSTEXPR bool is_fundamental_v = __is_fundamental(_Tp);
        -: 1205:#endif
        -: 1206:
        -: 1207:#else // __has_keyword(__is_fundamental)
        -: 1208:
        -: 1209:template <class _Tp> struct _LIBCPP_TEMPLATE_VIS is_fundamental
        -: 1210:    : public integral_constant<bool, is_void<_Tp>::value        ||
        -: 1211:                                     __is_nullptr_t<_Tp>::value ||
        -: 1212:                                     is_arithmetic<_Tp>::value> {};
        -: 1213:
        -: 1214:#if _LIBCPP_STD_VER > 14 && !defined(_LIBCPP_HAS_NO_VARIABLE_TEMPLATES)
        -: 1215:template <class _Tp>
        -: 1216:_LIBCPP_INLINE_VAR _LIBCPP_CONSTEXPR bool is_fundamental_v
        -: 1217:    = is_fundamental<_Tp>::value;
        -: 1218:#endif
        -: 1219:
        -: 1220:#endif // __has_keyword(__is_fundamental)
        -: 1221:
        -: 1222:// is_scalar
        -: 1223:
        -: 1224:// >= 11 because in C++03 nullptr isn't actually nullptr
        -: 1225:#if __has_keyword(__is_scalar) && !defined(_LIBCPP_CXX03_LANG)
        -: 1226:
        -: 1227:template<class _Tp>
        -: 1228:struct _LIBCPP_TEMPLATE_VIS is_scalar : _BoolConstant<__is_scalar(_Tp)> { };
        -: 1229:
        -: 1230:#if _LIBCPP_STD_VER > 14 && !defined(_LIBCPP_HAS_NO_VARIABLE_TEMPLATES)
        -: 1231:template <class _Tp>
        -: 1232:_LIBCPP_INLINE_VAR _LIBCPP_CONSTEXPR bool is_scalar_v = __is_scalar(_Tp);
        -: 1233:#endif
        -: 1234:
        -: 1235:#else // __has_keyword(__is_scalar)
        -: 1236:
        -: 1237:template <class _Tp> struct __is_block : false_type {};
        -: 1238:#if defined(_LIBCPP_HAS_EXTENSION_BLOCKS)
        -: 1239:template <class _Rp, class ..._Args> struct __is_block<_Rp (^)(_Args...)> : true_type {};
        -: 1240:#endif
        -: 1241:
        -: 1242:template <class _Tp> struct _LIBCPP_TEMPLATE_VIS is_scalar
        -: 1243:    : public integral_constant<bool, is_arithmetic<_Tp>::value     ||
        -: 1244:                                     is_member_pointer<_Tp>::value ||
        -: 1245:                                     is_pointer<_Tp>::value        ||
        -: 1246:                                     __is_nullptr_t<_Tp>::value    ||
        -: 1247:                                     __is_block<_Tp>::value        ||
        -: 1248:                                     is_enum<_Tp>::value           > {};
        -: 1249:
        -: 1250:template <> struct _LIBCPP_TEMPLATE_VIS is_scalar<nullptr_t> : public true_type {};
        -: 1251:
        -: 1252:#if _LIBCPP_STD_VER > 14 && !defined(_LIBCPP_HAS_NO_VARIABLE_TEMPLATES)
        -: 1253:template <class _Tp>
        -: 1254:_LIBCPP_INLINE_VAR _LIBCPP_CONSTEXPR bool is_scalar_v
        -: 1255:    = is_scalar<_Tp>::value;
        -: 1256:#endif
        -: 1257:
        -: 1258:#endif // __has_keyword(__is_scalar)
        -: 1259:
        -: 1260:// is_object
        -: 1261:
        -: 1262:#if __has_keyword(__is_object)
        -: 1263:
        -: 1264:template<class _Tp>
        -: 1265:struct _LIBCPP_TEMPLATE_VIS is_object : _BoolConstant<__is_object(_Tp)> { };
        -: 1266:
        -: 1267:#if _LIBCPP_STD_VER > 14 && !defined(_LIBCPP_HAS_NO_VARIABLE_TEMPLATES)
        -: 1268:template <class _Tp>
        -: 1269:_LIBCPP_INLINE_VAR _LIBCPP_CONSTEXPR bool is_object_v = __is_object(_Tp);
        -: 1270:#endif
        -: 1271:
        -: 1272:#else // __has_keyword(__is_object)
        -: 1273:
        -: 1274:template <class _Tp> struct _LIBCPP_TEMPLATE_VIS is_object
        -: 1275:    : public integral_constant<bool, is_scalar<_Tp>::value ||
        -: 1276:                                     is_array<_Tp>::value  ||
        -: 1277:                                     is_union<_Tp>::value  ||
        -: 1278:                                     is_class<_Tp>::value  > {};
        -: 1279:
        -: 1280:#if _LIBCPP_STD_VER > 14 && !defined(_LIBCPP_HAS_NO_VARIABLE_TEMPLATES)
        -: 1281:template <class _Tp>
        -: 1282:_LIBCPP_INLINE_VAR _LIBCPP_CONSTEXPR bool is_object_v
        -: 1283:    = is_object<_Tp>::value;
        -: 1284:#endif
        -: 1285:
        -: 1286:#endif // __has_keyword(__is_object)
        -: 1287:
        -: 1288:// is_compound
        -: 1289:
        -: 1290:// >= 11 because in C++03 nullptr isn't actually nullptr
        -: 1291:#if __has_keyword(__is_compound) && !defined(_LIBCPP_CXX03_LANG)
        -: 1292:
        -: 1293:template<class _Tp>
        -: 1294:struct _LIBCPP_TEMPLATE_VIS is_compound : _BoolConstant<__is_compound(_Tp)> { };
        -: 1295:
        -: 1296:#if _LIBCPP_STD_VER > 14 && !defined(_LIBCPP_HAS_NO_VARIABLE_TEMPLATES)
        -: 1297:template <class _Tp>
        -: 1298:_LIBCPP_INLINE_VAR _LIBCPP_CONSTEXPR bool is_compound_v = __is_compound(_Tp);
        -: 1299:#endif
        -: 1300:
        -: 1301:#else // __has_keyword(__is_compound)
        -: 1302:
        -: 1303:template <class _Tp> struct _LIBCPP_TEMPLATE_VIS is_compound
        -: 1304:    : public integral_constant<bool, !is_fundamental<_Tp>::value> {};
        -: 1305:
        -: 1306:#if _LIBCPP_STD_VER > 14 && !defined(_LIBCPP_HAS_NO_VARIABLE_TEMPLATES)
        -: 1307:template <class _Tp>
        -: 1308:_LIBCPP_INLINE_VAR _LIBCPP_CONSTEXPR bool is_compound_v
        -: 1309:    = is_compound<_Tp>::value;
        -: 1310:#endif
        -: 1311:
        -: 1312:#endif // __has_keyword(__is_compound)
        -: 1313:
        -: 1314:// __is_referenceable  [defns.referenceable]
        -: 1315:
        -: 1316:struct __is_referenceable_impl {
        -: 1317:    template <class _Tp> static _Tp& __test(int);
        -: 1318:    template <class _Tp> static __two __test(...);
        -: 1319:};
        -: 1320:
        -: 1321:template <class _Tp>
        -: 1322:struct __is_referenceable : integral_constant<bool,
        -: 1323:    _IsNotSame<decltype(__is_referenceable_impl::__test<_Tp>(0)), __two>::value> {};
        -: 1324:
        -: 1325:
        -: 1326:// add_const
        -: 1327:
        -: 1328:template <class _Tp> struct _LIBCPP_TEMPLATE_VIS add_const {
        -: 1329:  typedef _LIBCPP_NODEBUG_TYPE const _Tp type;
        -: 1330:};
        -: 1331:
        -: 1332:#if _LIBCPP_STD_VER > 11
        -: 1333:template <class _Tp> using add_const_t = typename add_const<_Tp>::type;
        -: 1334:#endif
        -: 1335:
        -: 1336:// add_volatile
        -: 1337:
        -: 1338:template <class _Tp> struct _LIBCPP_TEMPLATE_VIS add_volatile {
        -: 1339:  typedef _LIBCPP_NODEBUG_TYPE volatile _Tp type;
        -: 1340:};
        -: 1341:
        -: 1342:#if _LIBCPP_STD_VER > 11
        -: 1343:template <class _Tp> using add_volatile_t = typename add_volatile<_Tp>::type;
        -: 1344:#endif
        -: 1345:
        -: 1346:// add_cv
        -: 1347:template <class _Tp> struct _LIBCPP_TEMPLATE_VIS add_cv {
        -: 1348:  typedef _LIBCPP_NODEBUG_TYPE const volatile _Tp type;
        -: 1349:};
        -: 1350:
        -: 1351:#if _LIBCPP_STD_VER > 11
        -: 1352:template <class _Tp> using add_cv_t = typename add_cv<_Tp>::type;
        -: 1353:#endif
        -: 1354:
        -: 1355:// remove_reference
        -: 1356:
        -: 1357:#if __has_keyword(__remove_reference)
        -: 1358:
        -: 1359:template<class _Tp>
        -: 1360:struct _LIBCPP_TEMPLATE_VIS remove_reference { typedef __remove_reference(_Tp) type; };
        -: 1361:
        -: 1362:#else // __has_keyword(__remove_reference)
        -: 1363:
        -: 1364:template <class _Tp> struct _LIBCPP_TEMPLATE_VIS remove_reference        {typedef _LIBCPP_NODEBUG_TYPE _Tp type;};
        -: 1365:template <class _Tp> struct _LIBCPP_TEMPLATE_VIS remove_reference<_Tp&>  {typedef _LIBCPP_NODEBUG_TYPE _Tp type;};
        -: 1366:template <class _Tp> struct _LIBCPP_TEMPLATE_VIS remove_reference<_Tp&&> {typedef _LIBCPP_NODEBUG_TYPE _Tp type;};
        -: 1367:
        -: 1368:#if _LIBCPP_STD_VER > 11
        -: 1369:template <class _Tp> using remove_reference_t = typename remove_reference<_Tp>::type;
        -: 1370:#endif
        -: 1371:
        -: 1372:#endif // __has_keyword(__remove_reference)
        -: 1373:
        -: 1374:// add_lvalue_reference
        -: 1375:
        -: 1376:template <class _Tp, bool = __is_referenceable<_Tp>::value> struct __add_lvalue_reference_impl            { typedef _LIBCPP_NODEBUG_TYPE _Tp  type; };
        -: 1377:template <class _Tp                                       > struct __add_lvalue_reference_impl<_Tp, true> { typedef _LIBCPP_NODEBUG_TYPE _Tp& type; };
        -: 1378:
        -: 1379:template <class _Tp> struct _LIBCPP_TEMPLATE_VIS add_lvalue_reference
        -: 1380:{typedef _LIBCPP_NODEBUG_TYPE typename  __add_lvalue_reference_impl<_Tp>::type type;};
        -: 1381:
        -: 1382:#if _LIBCPP_STD_VER > 11
        -: 1383:template <class _Tp> using add_lvalue_reference_t = typename add_lvalue_reference<_Tp>::type;
        -: 1384:#endif
        -: 1385:
        -: 1386:template <class _Tp, bool = __is_referenceable<_Tp>::value> struct __add_rvalue_reference_impl            { typedef _LIBCPP_NODEBUG_TYPE  _Tp   type; };
        -: 1387:template <class _Tp                                       > struct __add_rvalue_reference_impl<_Tp, true> { typedef _LIBCPP_NODEBUG_TYPE  _Tp&& type; };
        -: 1388:
        -: 1389:template <class _Tp> struct _LIBCPP_TEMPLATE_VIS add_rvalue_reference
        -: 1390:{typedef _LIBCPP_NODEBUG_TYPE  typename __add_rvalue_reference_impl<_Tp>::type type;};
        -: 1391:
        -: 1392:#if _LIBCPP_STD_VER > 11
        -: 1393:template <class _Tp> using add_rvalue_reference_t = typename add_rvalue_reference<_Tp>::type;
        -: 1394:#endif
        -: 1395:
        -: 1396:// Suppress deprecation notice for volatile-qualified return type resulting
        -: 1397:// from volatile-qualified types _Tp.
        -: 1398:_LIBCPP_SUPPRESS_DEPRECATED_PUSH
        -: 1399:template <class _Tp> _Tp&& __declval(int);
        -: 1400:template <class _Tp> _Tp   __declval(long);
        -: 1401:_LIBCPP_SUPPRESS_DEPRECATED_POP
        -: 1402:
        -: 1403:template <class _Tp>
        -: 1404:decltype(_VSTD::__declval<_Tp>(0))
        -: 1405:declval() _NOEXCEPT;
        -: 1406:
        -: 1407:// __uncvref
        -: 1408:
        -: 1409:template <class _Tp>
        -: 1410:struct __uncvref  {
        -: 1411:    typedef _LIBCPP_NODEBUG_TYPE typename remove_cv<typename remove_reference<_Tp>::type>::type type;
        -: 1412:};
        -: 1413:
        -: 1414:template <class _Tp>
        -: 1415:struct __unconstref {
        -: 1416:    typedef _LIBCPP_NODEBUG_TYPE typename remove_const<typename remove_reference<_Tp>::type>::type type;
        -: 1417:};
        -: 1418:
        -: 1419:#ifndef _LIBCPP_CXX03_LANG
        -: 1420:template <class _Tp>
        -: 1421:using __uncvref_t _LIBCPP_NODEBUG_TYPE = typename __uncvref<_Tp>::type;
        -: 1422:#endif
        -: 1423:
        -: 1424:// __is_same_uncvref
        -: 1425:
        -: 1426:template <class _Tp, class _Up>
        -: 1427:struct __is_same_uncvref : _IsSame<typename __uncvref<_Tp>::type,
        -: 1428:                                   typename __uncvref<_Up>::type> {};
        -: 1429:
        -: 1430:#if _LIBCPP_STD_VER > 17
        -: 1431:// remove_cvref - same as __uncvref
        -: 1432:template <class _Tp>
        -: 1433:struct remove_cvref : public __uncvref<_Tp> {};
        -: 1434:
        -: 1435:template <class _Tp> using remove_cvref_t = typename remove_cvref<_Tp>::type;
        -: 1436:#endif
        -: 1437:
        -: 1438:
        -: 1439:struct __any
        -: 1440:{
        -: 1441:    __any(...);
        -: 1442:};
        -: 1443:
        -: 1444:// remove_pointer
        -: 1445:
[...]
        -: 3907:                            _Tp,
        -: 3908:                            is_member_function_pointer<typename remove_reference<_Fn>::type>::value>
        -: 3909:{
        -: 3910:};
        -: 3911:
        -: 3912:template <class _Fn, class ..._Args>
        -: 3913:class _LIBCPP_TEMPLATE_VIS result_of<_Fn(_Args...)>
        -: 3914:    : public __result_of<_Fn(_Args...),
        -: 3915:                         is_class<typename remove_reference<_Fn>::type>::value ||
        -: 3916:                         is_function<typename remove_pointer<typename remove_reference<_Fn>::type>::type>::value,
        -: 3917:                         is_member_pointer<typename remove_reference<_Fn>::type>::value
        -: 3918:                        >
        -: 3919:{
        -: 3920:};
        -: 3921:
        -: 3922:#endif  // C++03
        -: 3923:
        -: 3924:#if _LIBCPP_STD_VER > 11
        -: 3925:template <class _Tp> using result_of_t = typename result_of<_Tp>::type;
        -: 3926:#endif
        -: 3927:
        -: 3928:#if _LIBCPP_STD_VER > 14
        -: 3929:
        -: 3930:// invoke_result
        -: 3931:
        -: 3932:template <class _Fn, class... _Args>
        -: 3933:struct _LIBCPP_TEMPLATE_VIS invoke_result
        -: 3934:    : __invoke_of<_Fn, _Args...>
        -: 3935:{
        -: 3936:};
        -: 3937:
        -: 3938:template <class _Fn, class... _Args>
        -: 3939:using invoke_result_t = typename invoke_result<_Fn, _Args...>::type;
        -: 3940:
        -: 3941:// is_invocable
        -: 3942:
        -: 3943:template <class _Fn, class ..._Args>
        -: 3944:struct _LIBCPP_TEMPLATE_VIS is_invocable
        -: 3945:    : integral_constant<bool, __invokable<_Fn, _Args...>::value> {};
        -: 3946:
        -: 3947:template <class _Ret, class _Fn, class ..._Args>
        -: 3948:struct _LIBCPP_TEMPLATE_VIS is_invocable_r
        -: 3949:    : integral_constant<bool, __invokable_r<_Ret, _Fn, _Args...>::value> {};
        -: 3950:
        -: 3951:template <class _Fn, class ..._Args>
        -: 3952:_LIBCPP_INLINE_VAR constexpr bool is_invocable_v
        -: 3953:    = is_invocable<_Fn, _Args...>::value;
        -: 3954:
        -: 3955:template <class _Ret, class _Fn, class ..._Args>
        -: 3956:_LIBCPP_INLINE_VAR constexpr bool is_invocable_r_v
        -: 3957:    = is_invocable_r<_Ret, _Fn, _Args...>::value;
        -: 3958:
        -: 3959:// is_nothrow_invocable
        -: 3960:
        -: 3961:template <class _Fn, class ..._Args>
        -: 3962:struct _LIBCPP_TEMPLATE_VIS is_nothrow_invocable
        -: 3963:    : integral_constant<bool, __nothrow_invokable<_Fn, _Args...>::value> {};
        -: 3964:
        -: 3965:template <class _Ret, class _Fn, class ..._Args>
        -: 3966:struct _LIBCPP_TEMPLATE_VIS is_nothrow_invocable_r
        -: 3967:    : integral_constant<bool, __nothrow_invokable_r<_Ret, _Fn, _Args...>::value> {};
        -: 3968:
        -: 3969:template <class _Fn, class ..._Args>
        -: 3970:_LIBCPP_INLINE_VAR constexpr bool is_nothrow_invocable_v
        -: 3971:    = is_nothrow_invocable<_Fn, _Args...>::value;
        -: 3972:
        -: 3973:template <class _Ret, class _Fn, class ..._Args>
        -: 3974:_LIBCPP_INLINE_VAR constexpr bool is_nothrow_invocable_r_v
        -: 3975:    = is_nothrow_invocable_r<_Ret, _Fn, _Args...>::value;
        -: 3976:
        -: 3977:#endif // _LIBCPP_STD_VER > 14
        -: 3978:
        -: 3979:template <class _Tp> struct __is_swappable;
        -: 3980:template <class _Tp> struct __is_nothrow_swappable;
        -: 3981:
        -: 3982:// swap, swap_ranges
        -: 3983:
        -: 3984:template <class _ForwardIterator1, class _ForwardIterator2>
        -: 3985:inline _LIBCPP_INLINE_VISIBILITY _LIBCPP_CONSTEXPR_AFTER_CXX17
        -: 3986:_ForwardIterator2
        -: 3987:swap_ranges(_ForwardIterator1 __first1, _ForwardIterator1 __last1, _ForwardIterator2 __first2);
        -: 3988:
        -: 3989:template <class _Tp>
        -: 3990:inline _LIBCPP_INLINE_VISIBILITY
        -: 3991:#ifndef _LIBCPP_CXX03_LANG
        -: 3992:typename enable_if
        -: 3993:<
        -: 3994:    is_move_constructible<_Tp>::value &&
        -: 3995:    is_move_assignable<_Tp>::value
        -: 3996:>::type
        -: 3997:#else
        -: 3998:void
        -: 3999:#endif
        -: 4000:_LIBCPP_CONSTEXPR_AFTER_CXX17
        -: 4001:swap(_Tp& __x, _Tp& __y) _NOEXCEPT_(is_nothrow_move_constructible<_Tp>::value &&
        -: 4002:                                    is_nothrow_move_assignable<_Tp>::value)
        -: 4003:{
        -: 4004:    _Tp __t(_VSTD::move(__x));
        -: 4005:    __x = _VSTD::move(__y);
        -: 4006:    __y = _VSTD::move(__t);
        -: 4007:}
        -: 4008:
        -: 4009:template<class _Tp, size_t _Np>
        -: 4010:inline _LIBCPP_INLINE_VISIBILITY _LIBCPP_CONSTEXPR_AFTER_CXX17
        -: 4011:typename enable_if<
        -: 4012:    __is_swappable<_Tp>::value
        -: 4013:>::type
        -: 4014:swap(_Tp (&__a)[_Np], _Tp (&__b)[_Np]) _NOEXCEPT_(__is_nothrow_swappable<_Tp>::value)
        -: 4015:{
        -: 4016:    _VSTD::swap_ranges(__a, __a + _Np, __b);
        -: 4017:}
        -: 4018:
        -: 4019:template <class _ForwardIterator1, class _ForwardIterator2>
        -: 4020:inline _LIBCPP_INLINE_VISIBILITY _LIBCPP_CONSTEXPR_AFTER_CXX17
        -: 4021:_ForwardIterator2
        -: 4022:swap_ranges(_ForwardIterator1 __first1, _ForwardIterator1 __last1, _ForwardIterator2 __first2)
        -: 4023:{
        -: 4024:    for(; __first1 != __last1; ++__first1, (void) ++__first2)
        -: 4025:        swap(*__first1, *__first2);
        -: 4026:    return __first2;
        -: 4027:}
        -: 4028:
        -: 4029:// iter_swap
        -: 4030:
        -: 4031:template <class _ForwardIterator1, class _ForwardIterator2>
        -: 4032:inline _LIBCPP_INLINE_VISIBILITY _LIBCPP_CONSTEXPR_AFTER_CXX17
        -: 4033:void
        -: 4034:iter_swap(_ForwardIterator1 __a, _ForwardIterator2 __b)
        -: 4035:    //                                  _NOEXCEPT_(_NOEXCEPT_(swap(*__a, *__b)))
        -: 4036:               _NOEXCEPT_(_NOEXCEPT_(swap(*_VSTD::declval<_ForwardIterator1>(),
        -: 4037:                                          *_VSTD::declval<_ForwardIterator2>())))
        -: 4038:{
        -: 4039:    swap(*__a, *__b);
        -: 4040:}
        -: 4041:
        -: 4042:// __swappable
        -: 4043:
        -: 4044:namespace __detail
        -: 4045:{
        -: 4046:// ALL generic swap overloads MUST already have a declaration available at this point.
        -: 4047:
        -: 4048:template <class _Tp, class _Up = _Tp,
        -: 4049:          bool _NotVoid = !is_void<_Tp>::value && !is_void<_Up>::value>
        -: 4050:struct __swappable_with
        -: 4051:{
        -: 4052:    template <class _LHS, class _RHS>
        -: 4053:    static decltype(swap(_VSTD::declval<_LHS>(), _VSTD::declval<_RHS>()))
        -: 4054:    __test_swap(int);
        -: 4055:    template <class, class>
        -: 4056:    static __nat __test_swap(long);
        -: 4057:
        -: 4058:    // Extra parens are needed for the C++03 definition of decltype.
        -: 4059:    typedef decltype((__test_swap<_Tp, _Up>(0))) __swap1;
        -: 4060:    typedef decltype((__test_swap<_Up, _Tp>(0))) __swap2;
        -: 4061:
        -: 4062:    static const bool value = _IsNotSame<__swap1, __nat>::value
        -: 4063:                           && _IsNotSame<__swap2, __nat>::value;
        -: 4064:};
        -: 4065:
        -: 4066:template <class _Tp, class _Up>
        -: 4067:struct __swappable_with<_Tp, _Up,  false> : false_type {};
        -: 4068:
        -: 4069:template <class _Tp, class _Up = _Tp, bool _Swappable = __swappable_with<_Tp, _Up>::value>
        -: 4070:struct __nothrow_swappable_with {
        -: 4071:  static const bool value =
        -: 4072:#ifndef _LIBCPP_HAS_NO_NOEXCEPT
        -: 4073:      noexcept(swap(_VSTD::declval<_Tp>(), _VSTD::declval<_Up>()))
        -: 4074:  &&  noexcept(swap(_VSTD::declval<_Up>(), _VSTD::declval<_Tp>()));
        -: 4075:#else
        -: 4076:      false;
        -: 4077:#endif
        -: 4078:};
        -: 4079:
        -: 4080:template <class _Tp, class _Up>
        -: 4081:struct __nothrow_swappable_with<_Tp, _Up, false> : false_type {};
        -: 4082:
        -: 4083:}  // __detail
        -: 4084:
        -: 4085:template <class _Tp>
        -: 4086:struct __is_swappable
        -: 4087:    : public integral_constant<bool, __detail::__swappable_with<_Tp&>::value>
        -: 4088:{
        -: 4089:};
        -: 4090:
        -: 4091:template <class _Tp>
        -: 4092:struct __is_nothrow_swappable
        -: 4093:    : public integral_constant<bool, __detail::__nothrow_swappable_with<_Tp&>::value>
        -: 4094:{
        -: 4095:};
        -: 4096:
        -: 4097:#if _LIBCPP_STD_VER > 14
        -: 4098:
        -: 4099:template <class _Tp, class _Up>
        -: 4100:struct _LIBCPP_TEMPLATE_VIS is_swappable_with
        -: 4101:    : public integral_constant<bool, __detail::__swappable_with<_Tp, _Up>::value>
        -: 4102:{
        -: 4103:};
        -: 4104:
        -: 4105:template <class _Tp>
        -: 4106:struct _LIBCPP_TEMPLATE_VIS is_swappable
        -: 4107:    : public conditional<
        -: 4108:        __is_referenceable<_Tp>::value,
        -: 4109:        is_swappable_with<
        -: 4110:            typename add_lvalue_reference<_Tp>::type,
        -: 4111:            typename add_lvalue_reference<_Tp>::type>,
        -: 4112:        false_type
        -: 4113:    >::type
        -: 4114:{
        -: 4115:};
        -: 4116:
        -: 4117:template <class _Tp, class _Up>
        -: 4118:struct _LIBCPP_TEMPLATE_VIS is_nothrow_swappable_with
        -: 4119:    : public integral_constant<bool, __detail::__nothrow_swappable_with<_Tp, _Up>::value>
        -: 4120:{
        -: 4121:};
        -: 4122:
        -: 4123:template <class _Tp>
        -: 4124:struct _LIBCPP_TEMPLATE_VIS is_nothrow_swappable
        -: 4125:    : public conditional<
        -: 4126:        __is_referenceable<_Tp>::value,
        -: 4127:        is_nothrow_swappable_with<
        -: 4128:            typename add_lvalue_reference<_Tp>::type,
        -: 4129:            typename add_lvalue_reference<_Tp>::type>,
        -: 4130:        false_type
        -: 4131:    >::type
        -: 4132:{
        -: 4133:};
        -: 4134:
        -: 4135:template <class _Tp, class _Up>
        -: 4136:_LIBCPP_INLINE_VAR constexpr bool is_swappable_with_v
        -: 4137:    = is_swappable_with<_Tp, _Up>::value;
        -: 4138:
        -: 4139:template <class _Tp>
        -: 4140:_LIBCPP_INLINE_VAR constexpr bool is_swappable_v
        -: 4141:    = is_swappable<_Tp>::value;
        -: 4142:
        -: 4143:template <class _Tp, class _Up>
        -: 4144:_LIBCPP_INLINE_VAR constexpr bool is_nothrow_swappable_with_v
        -: 4145:    = is_nothrow_swappable_with<_Tp, _Up>::value;
        -: 4146:
        -: 4147:template <class _Tp>
        -: 4148:_LIBCPP_INLINE_VAR constexpr bool is_nothrow_swappable_v
        -: 4149:    = is_nothrow_swappable<_Tp>::value;
        -: 4150:
        -: 4151:#endif // _LIBCPP_STD_VER > 14
        -: 4152:
        -: 4153:template <class _Tp, bool = is_enum<_Tp>::value> struct __underlying_type_impl;
        -: 4154:
        -: 4155:template <class _Tp>
        -: 4156:struct __underlying_type_impl<_Tp, false> {};
        -: 4157:
        -: 4158:template <class _Tp>
        -: 4159:struct __underlying_type_impl<_Tp, true>
        -: 4160:{
        -: 4161:    typedef __underlying_type(_Tp) type;
        -: 4162:};
        -: 4163:
        -: 4164:template <class _Tp>
        -: 4165:struct underlying_type : __underlying_type_impl<_Tp, is_enum<_Tp>::value> {};
        -: 4166:
        -: 4167:#if _LIBCPP_STD_VER > 11
        -: 4168:template <class _Tp> using underlying_type_t = typename underlying_type<_Tp>::type;
        -: 4169:#endif
        -: 4170:
        -: 4171:template <class _Tp, bool = is_enum<_Tp>::value>
        -: 4172:struct __sfinae_underlying_type
        -: 4173:{
        -: 4174:    typedef typename underlying_type<_Tp>::type type;
        -: 4175:    typedef decltype(((type)1) + 0) __promoted_type;
        -: 4176:};
        -: 4177:
        -: 4178:template <class _Tp>
        -: 4179:struct __sfinae_underlying_type<_Tp, false> {};
        -: 4180:
        -: 4181:inline _LIBCPP_INLINE_VISIBILITY _LIBCPP_CONSTEXPR
        -: 4182:int __convert_to_integral(int __val) { return __val; }
        -: 4183:
        -: 4184:inline _LIBCPP_INLINE_VISIBILITY _LIBCPP_CONSTEXPR
        -: 4185:unsigned __convert_to_integral(unsigned __val) { return __val; }
        -: 4186:
        -: 4187:inline _LIBCPP_INLINE_VISIBILITY _LIBCPP_CONSTEXPR
        -: 4188:long __convert_to_integral(long __val) { return __val; }
        -: 4189:
        -: 4190:inline _LIBCPP_INLINE_VISIBILITY _LIBCPP_CONSTEXPR
        -: 4191:unsigned long __convert_to_integral(unsigned long __val) { return __val; }
        -: 4192:
        -: 4193:inline _LIBCPP_INLINE_VISIBILITY _LIBCPP_CONSTEXPR
        -: 4194:long long __convert_to_integral(long long __val) { return __val; }
        -: 4195:
        -: 4196:inline _LIBCPP_INLINE_VISIBILITY _LIBCPP_CONSTEXPR
        -: 4197:unsigned long long __convert_to_integral(unsigned long long __val) {return __val; }
        -: 4198:
        -: 4199:template<typename _Fp>
        -: 4200:inline _LIBCPP_INLINE_VISIBILITY _LIBCPP_CONSTEXPR
        -: 4201:typename enable_if<is_floating_point<_Fp>::value, long long>::type
        -: 4202: __convert_to_integral(_Fp __val) { return __val; }
        -: 4203:
        -: 4204:#ifndef _LIBCPP_HAS_NO_INT128
        -: 4205:inline _LIBCPP_INLINE_VISIBILITY _LIBCPP_CONSTEXPR
        -: 4206:__int128_t __convert_to_integral(__int128_t __val) { return __val; }
        -: 4207:
        -: 4208:inline _LIBCPP_INLINE_VISIBILITY _LIBCPP_CONSTEXPR
        -: 4209:__uint128_t __convert_to_integral(__uint128_t __val) { return __val; }
        -: 4210:#endif
        -: 4211:
        -: 4212:template <class _Tp>
        -: 4213:inline _LIBCPP_INLINE_VISIBILITY _LIBCPP_CONSTEXPR
        -: 4214:typename __sfinae_underlying_type<_Tp>::__promoted_type
        -: 4215:__convert_to_integral(_Tp __val) { return __val; }
        -: 4216:
        -: 4217:#ifndef _LIBCPP_CXX03_LANG
        -: 4218:
        -: 4219:template <class _Tp>
        -: 4220:struct __has_operator_addressof_member_imp
        -: 4221:{
        -: 4222:    template <class _Up>
        -: 4223:        static auto __test(int)
        -: 4224:            -> typename __select_2nd<decltype(_VSTD::declval<_Up>().operator&()), true_type>::type;
        -: 4225:    template <class>
        -: 4226:        static auto __test(long) -> false_type;
        -: 4227:
        -: 4228:    static const bool value = decltype(__test<_Tp>(0))::value;
        -: 4229:};
        -: 4230:
        -: 4231:template <class _Tp>
        -: 4232:struct __has_operator_addressof_free_imp
        -: 4233:{
        -: 4234:    template <class _Up>
        -: 4235:        static auto __test(int)
        -: 4236:            -> typename __select_2nd<decltype(operator&(_VSTD::declval<_Up>())), true_type>::type;
        -: 4237:    template <class>
        -: 4238:        static auto __test(long) -> false_type;
        -: 4239:
        -: 4240:    static const bool value = decltype(__test<_Tp>(0))::value;
        -: 4241:};
        -: 4242:
        -: 4243:template <class _Tp>
        -: 4244:struct __has_operator_addressof
        -: 4245:    : public integral_constant<bool, __has_operator_addressof_member_imp<_Tp>::value
        -: 4246:                                  || __has_operator_addressof_free_imp<_Tp>::value>
        -: 4247:{};
        -: 4248:
        -: 4249:#endif  // _LIBCPP_CXX03_LANG
        -: 4250:
        -: 4251:#if _LIBCPP_STD_VER > 14
        -: 4252:
        -: 4253:template <class... _Args>
        -: 4254:struct conjunction : _And<_Args...> {};
        -: 4255:template<class... _Args>
        -: 4256:_LIBCPP_INLINE_VAR constexpr bool conjunction_v
        -: 4257:    = conjunction<_Args...>::value;
        -: 4258:
        -: 4259:template <class... _Args>
        -: 4260:struct disjunction : _Or<_Args...> {};
        -: 4261:template<class... _Args>
        -: 4262:_LIBCPP_INLINE_VAR constexpr bool disjunction_v
        -: 4263:    = disjunction<_Args...>::value;
        -: 4264:
        -: 4265:template <class _Tp>
        -: 4266:struct negation : _Not<_Tp> {};
        -: 4267:template<class _Tp>
        -: 4268:_LIBCPP_INLINE_VAR constexpr bool negation_v
        -: 4269:    = negation<_Tp>::value;
        -: 4270:#endif  // _LIBCPP_STD_VER > 14
        -: 4271:
        -: 4272:// These traits are used in __tree and __hash_table
        -: 4273:#ifndef _LIBCPP_CXX03_LANG
        -: 4274:struct __extract_key_fail_tag {};
        -: 4275:struct __extract_key_self_tag {};
        -: 4276:struct __extract_key_first_tag {};
        -: 4277:
        -: 4278:template <class _ValTy, class _Key,
        -: 4279:          class _RawValTy = typename __unconstref<_ValTy>::type>
        -: 4280:struct __can_extract_key
        -: 4281:    : conditional<_IsSame<_RawValTy, _Key>::value, __extract_key_self_tag,
        -: 4282:                  __extract_key_fail_tag>::type {};
        -: 4283:
        -: 4284:template <class _Pair, class _Key, class _First, class _Second>
        -: 4285:struct __can_extract_key<_Pair, _Key, pair<_First, _Second>>
        -: 4286:    : conditional<_IsSame<typename remove_const<_First>::type, _Key>::value,
        -: 4287:                  __extract_key_first_tag, __extract_key_fail_tag>::type {};
        -: 4288:
        -: 4289:// __can_extract_map_key uses true_type/false_type instead of the tags.
        -: 4290:// It returns true if _Key != _ContainerValueTy (the container is a map not a set)
        -: 4291:// and _ValTy == _Key.
        -: 4292:template <class _ValTy, class _Key, class _ContainerValueTy,
        -: 4293:          class _RawValTy = typename __unconstref<_ValTy>::type>
        -: 4294:struct __can_extract_map_key
        -: 4295:    : integral_constant<bool, _IsSame<_RawValTy, _Key>::value> {};
        -: 4296:
        -: 4297:// This specialization returns __extract_key_fail_tag for non-map containers
        -: 4298:// because _Key == _ContainerValueTy
        -: 4299:template <class _ValTy, class _Key, class _RawValTy>
        -: 4300:struct __can_extract_map_key<_ValTy, _Key, _Key, _RawValTy>
        -: 4301:    : false_type {};
        -: 4302:
        -: 4303:#endif
        -: 4304:
        -: 4305:#ifndef _LIBCPP_HAS_NO_BUILTIN_IS_CONSTANT_EVALUATED
        -: 4306:#if _LIBCPP_STD_VER > 17
        -: 4307:_LIBCPP_INLINE_VISIBILITY
        -: 4308:inline constexpr bool is_constant_evaluated() noexcept {
        -: 4309:  return __builtin_is_constant_evaluated();
        -: 4310:}
        -: 4311:#endif
        -: 4312:
        -: 4313:inline _LIBCPP_CONSTEXPR
        -: 4314:bool __libcpp_is_constant_evaluated() _NOEXCEPT { return __builtin_is_constant_evaluated(); }
        -: 4315:#else
        -: 4316:inline _LIBCPP_CONSTEXPR
        -: 4317:bool __libcpp_is_constant_evaluated() _NOEXCEPT { return false; }
        -: 4318:#endif
        -: 4319:
        -: 4320:template <class _CharT>
        -: 4321:using _IsCharLikeType = _And<is_standard_layout<_CharT>, is_trivial<_CharT> >;
        -: 4322:
        -: 4323:_LIBCPP_END_NAMESPACE_STD
        -: 4324:
        -: 4325:#if _LIBCPP_STD_VER > 14
        -: 4326:// std::byte
        -: 4327:namespace std  // purposefully not versioned
        -: 4328:{
        -: 4329:
        -: 4330:
        -: 4331:}
        -: 4332:#endif
        -: 4333:
        -: 4334:#endif  // _LIBCPP_TYPE_TRAITS
